{"level":"info","message":"Razorpay service initialized in MOCK mode","service":"p2p-marketplace","timestamp":"2025-08-11T21:18:52.163Z"}
{"level":"info","message":"MongoDB Connected: ac-s9wa81m-shard-00-01.fnbpkxu.mongodb.net","service":"p2p-marketplace","timestamp":"2025-08-11T21:18:52.555Z"}
{"level":"info","message":"Server running in development mode on port 5000","service":"p2p-marketplace","timestamp":"2025-08-11T21:18:52.559Z"}
{"jwtSecret":"Set","level":"info","message":"Configuration:","mongoUri":"Set","nodeEnv":"development","paymentMode":"mock","port":"5000","razorpayKey":"Set","service":"p2p-marketplace","timestamp":"2025-08-11T21:18:52.559Z"}
{"level":"info","message":"Razorpay service initialized in MOCK mode","service":"p2p-marketplace","timestamp":"2025-08-11T21:19:02.389Z"}
{"level":"info","message":"MongoDB Connected: ac-s9wa81m-shard-00-00.fnbpkxu.mongodb.net","service":"p2p-marketplace","timestamp":"2025-08-11T21:19:02.835Z"}
{"level":"info","message":"Razorpay service initialized in MOCK mode","service":"p2p-marketplace","timestamp":"2025-08-11T21:19:23.653Z"}
{"level":"info","message":"MongoDB Connected: ac-s9wa81m-shard-00-02.fnbpkxu.mongodb.net","service":"p2p-marketplace","timestamp":"2025-08-11T21:19:24.064Z"}
{"level":"info","message":"Server running in development mode on port 5000","service":"p2p-marketplace","timestamp":"2025-08-11T21:19:24.066Z"}
{"jwtSecret":"Set","level":"info","message":"Configuration:","mongoUri":"Set","nodeEnv":"development","paymentMode":"mock","port":"5000","razorpayKey":"Set","service":"p2p-marketplace","timestamp":"2025-08-11T21:19:24.067Z"}
{"level":"info","message":"Razorpay service initialized in MOCK mode","service":"p2p-marketplace","timestamp":"2025-08-11T21:19:43.045Z"}
{"level":"info","message":"MongoDB Connected: ac-s9wa81m-shard-00-00.fnbpkxu.mongodb.net","service":"p2p-marketplace","timestamp":"2025-08-11T21:19:43.416Z"}
{"level":"info","message":"Server running in development mode on port 5000","service":"p2p-marketplace","timestamp":"2025-08-11T21:19:43.421Z"}
{"jwtSecret":"Set","level":"info","message":"Configuration:","mongoUri":"Set","nodeEnv":"development","paymentMode":"mock","port":"5000","razorpayKey":"Set","service":"p2p-marketplace","timestamp":"2025-08-11T21:19:43.422Z"}
{"level":"info","message":"Razorpay service initialized in MOCK mode","service":"p2p-marketplace","timestamp":"2025-08-11T21:19:47.069Z"}
{"level":"info","message":"MongoDB Connected: ac-s9wa81m-shard-00-02.fnbpkxu.mongodb.net","service":"p2p-marketplace","timestamp":"2025-08-11T21:19:47.427Z"}
{"level":"info","message":"Razorpay service initialized in MOCK mode","service":"p2p-marketplace","timestamp":"2025-08-11T21:20:49.770Z"}
{"level":"info","message":"MongoDB Connected: ac-s9wa81m-shard-00-01.fnbpkxu.mongodb.net","service":"p2p-marketplace","timestamp":"2025-08-11T21:20:50.291Z"}
{"level":"info","message":"Server running in development mode on port 5000","service":"p2p-marketplace","timestamp":"2025-08-11T21:20:50.297Z"}
{"jwtSecret":"Set","level":"info","message":"Configuration:","mongoUri":"Set","nodeEnv":"development","paymentMode":"mock","port":"5000","razorpayKey":"Set","service":"p2p-marketplace","timestamp":"2025-08-11T21:20:50.298Z"}
{"level":"info","message":"Connected to MongoDB for seeding","service":"p2p-marketplace","timestamp":"2025-08-11T21:21:20.685Z"}
{"level":"info","message":"Created admin user","service":"p2p-marketplace","timestamp":"2025-08-11T21:21:21.293Z"}
{"_message":"User validation failed","errors":{"hostProfile.phone":{"kind":"regexp","message":"Please enter a valid phone number","name":"ValidatorError","path":"hostProfile.phone","properties":{"message":"Please enter a valid phone number","path":"hostProfile.phone","regexp":{},"type":"regexp","value":"+91-9876543210"},"value":"+91-9876543210"}},"level":"error","message":"Error seeding database: User validation failed: hostProfile.phone: Please enter a valid phone number","service":"p2p-marketplace","stack":"ValidationError: User validation failed: hostProfile.phone: Please enter a valid phone number\n    at Document.invalidate (C:\\Owais\\odoo-test\\backend\\node_modules\\mongoose\\lib\\document.js:3358:32)\n    at C:\\Owais\\odoo-test\\backend\\node_modules\\mongoose\\lib\\document.js:3119:17\n    at C:\\Owais\\odoo-test\\backend\\node_modules\\mongoose\\lib\\schemaType.js:1410:9\n    at process.processTicksAndRejections (node:internal/process/task_queues:85:11)","timestamp":"2025-08-11T21:21:21.567Z"}
{"level":"info","message":"Connected to MongoDB for seeding","service":"p2p-marketplace","timestamp":"2025-08-11T21:22:20.413Z"}
{"code":11000,"errorLabelSet":{},"errorResponse":{"code":11000,"errmsg":"E11000 duplicate key error collection: test.users index: email_1 dup key: { email: \"admin@marketplace.com\" }","index":0,"keyPattern":{"email":1},"keyValue":{"email":"admin@marketplace.com"}},"index":0,"keyPattern":{"email":1},"keyValue":{"email":"admin@marketplace.com"},"level":"error","message":"Error seeding database: E11000 duplicate key error collection: test.users index: email_1 dup key: { email: \"admin@marketplace.com\" }","service":"p2p-marketplace","stack":"MongoServerError: E11000 duplicate key error collection: test.users index: email_1 dup key: { email: \"admin@marketplace.com\" }\n    at InsertOneOperation.execute (C:\\Owais\\odoo-test\\backend\\node_modules\\mongodb\\lib\\operations\\insert.js:51:19)\n    at process.processTicksAndRejections (node:internal/process/task_queues:105:5)\n    at async tryOperation (C:\\Owais\\odoo-test\\backend\\node_modules\\mongodb\\lib\\operations\\execute_operation.js:207:20)\n    at async executeOperation (C:\\Owais\\odoo-test\\backend\\node_modules\\mongodb\\lib\\operations\\execute_operation.js:75:16)\n    at async Collection.insertOne (C:\\Owais\\odoo-test\\backend\\node_modules\\mongodb\\lib\\collection.js:157:16)","timestamp":"2025-08-11T21:22:21.024Z"}
{"level":"info","message":"Connected to MongoDB for seeding","service":"p2p-marketplace","timestamp":"2025-08-11T21:22:33.668Z"}
{"level":"info","message":"Cleared existing data","service":"p2p-marketplace","timestamp":"2025-08-11T21:22:34.090Z"}
{"level":"info","message":"Created admin user","service":"p2p-marketplace","timestamp":"2025-08-11T21:22:34.607Z"}
{"level":"info","message":"Created host users","service":"p2p-marketplace","timestamp":"2025-08-11T21:22:35.620Z"}
{"level":"info","message":"Created customer users","service":"p2p-marketplace","timestamp":"2025-08-11T21:22:37.014Z"}
{"level":"info","message":"Connected to MongoDB for seeding","service":"p2p-marketplace","timestamp":"2025-08-11T21:24:04.796Z"}
{"level":"info","message":"Cleared existing data","service":"p2p-marketplace","timestamp":"2025-08-11T21:24:05.152Z"}
{"level":"info","message":"Created admin user","service":"p2p-marketplace","timestamp":"2025-08-11T21:24:05.664Z"}
{"level":"info","message":"Created host users","service":"p2p-marketplace","timestamp":"2025-08-11T21:24:06.817Z"}
{"level":"info","message":"Created customer users","service":"p2p-marketplace","timestamp":"2025-08-11T21:24:08.316Z"}
{"level":"info","message":"Created listings","service":"p2p-marketplace","timestamp":"2025-08-11T21:24:08.501Z"}
{"level":"info","message":"Connected to MongoDB for seeding","service":"p2p-marketplace","timestamp":"2025-08-11T21:25:29.340Z"}
{"level":"info","message":"Cleared existing data","service":"p2p-marketplace","timestamp":"2025-08-11T21:25:29.755Z"}
{"level":"info","message":"Created admin user","service":"p2p-marketplace","timestamp":"2025-08-11T21:25:30.290Z"}
{"level":"info","message":"Created host users","service":"p2p-marketplace","timestamp":"2025-08-11T21:25:31.500Z"}
{"level":"info","message":"Created customer users","service":"p2p-marketplace","timestamp":"2025-08-11T21:25:32.936Z"}
{"level":"info","message":"Created listings","service":"p2p-marketplace","timestamp":"2025-08-11T21:25:33.103Z"}
{"_message":"Reservation validation failed","errors":{"start":{"kind":"user defined","message":"Start date cannot be in the past","name":"ValidatorError","path":"start","properties":{"message":"Start date cannot be in the past","path":"start","type":"user defined","value":"2025-08-06T21:25:33.103Z"},"value":"2025-08-06T21:25:33.103Z"}},"level":"error","message":"Error seeding database: Reservation validation failed: start: Start date cannot be in the past","service":"p2p-marketplace","stack":"ValidationError: Reservation validation failed: start: Start date cannot be in the past\n    at Document.invalidate (C:\\Owais\\odoo-test\\backend\\node_modules\\mongoose\\lib\\document.js:3358:32)\n    at C:\\Owais\\odoo-test\\backend\\node_modules\\mongoose\\lib\\document.js:3119:17\n    at C:\\Owais\\odoo-test\\backend\\node_modules\\mongoose\\lib\\schemaType.js:1410:9\n    at process.processTicksAndRejections (node:internal/process/task_queues:85:11)","timestamp":"2025-08-11T21:25:33.134Z"}
{"level":"info","message":"Connected to MongoDB for seeding","service":"p2p-marketplace","timestamp":"2025-08-11T21:26:25.868Z"}
{"level":"info","message":"Cleared existing data","service":"p2p-marketplace","timestamp":"2025-08-11T21:26:26.275Z"}
{"level":"info","message":"Created admin user","service":"p2p-marketplace","timestamp":"2025-08-11T21:26:26.815Z"}
{"level":"info","message":"Created host users","service":"p2p-marketplace","timestamp":"2025-08-11T21:26:27.815Z"}
{"level":"info","message":"Created customer users","service":"p2p-marketplace","timestamp":"2025-08-11T21:26:29.364Z"}
{"level":"info","message":"Created listings","service":"p2p-marketplace","timestamp":"2025-08-11T21:26:29.662Z"}
{"code":11000,"errorLabelSet":{},"errorResponse":{"code":11000,"errmsg":"E11000 duplicate key error collection: test.orders index: orderNumber_1 dup key: { orderNumber: null }","index":0,"keyPattern":{"orderNumber":1},"keyValue":{"orderNumber":null}},"index":0,"keyPattern":{"orderNumber":1},"keyValue":{"orderNumber":null},"level":"error","message":"Error seeding database: E11000 duplicate key error collection: test.orders index: orderNumber_1 dup key: { orderNumber: null }","service":"p2p-marketplace","stack":"MongoServerError: E11000 duplicate key error collection: test.orders index: orderNumber_1 dup key: { orderNumber: null }\n    at InsertOneOperation.execute (C:\\Owais\\odoo-test\\backend\\node_modules\\mongodb\\lib\\operations\\insert.js:51:19)\n    at process.processTicksAndRejections (node:internal/process/task_queues:105:5)\n    at async tryOperation (C:\\Owais\\odoo-test\\backend\\node_modules\\mongodb\\lib\\operations\\execute_operation.js:207:20)\n    at async executeOperation (C:\\Owais\\odoo-test\\backend\\node_modules\\mongodb\\lib\\operations\\execute_operation.js:75:16)\n    at async Collection.insertOne (C:\\Owais\\odoo-test\\backend\\node_modules\\mongodb\\lib\\collection.js:157:16)","timestamp":"2025-08-11T21:26:29.863Z"}
{"level":"info","message":"Connected to MongoDB for seeding","service":"p2p-marketplace","timestamp":"2025-08-11T21:27:23.131Z"}
{"level":"info","message":"Cleared existing data","service":"p2p-marketplace","timestamp":"2025-08-11T21:27:23.623Z"}
{"level":"info","message":"Created admin user","service":"p2p-marketplace","timestamp":"2025-08-11T21:27:24.171Z"}
{"level":"info","message":"Created host users","service":"p2p-marketplace","timestamp":"2025-08-11T21:27:25.195Z"}
{"level":"info","message":"Created customer users","service":"p2p-marketplace","timestamp":"2025-08-11T21:27:26.602Z"}
{"level":"info","message":"Created listings","service":"p2p-marketplace","timestamp":"2025-08-11T21:27:26.821Z"}
{"level":"info","message":"Created sample orders and reservations","service":"p2p-marketplace","timestamp":"2025-08-11T21:27:27.484Z"}
{"code":11000,"errorLabelSet":{},"errorResponse":{"code":11000,"errmsg":"E11000 duplicate key error collection: test.payouts index: payoutId_1 dup key: { payoutId: null }","index":0,"keyPattern":{"payoutId":1},"keyValue":{"payoutId":null}},"index":0,"keyPattern":{"payoutId":1},"keyValue":{"payoutId":null},"level":"error","message":"Error seeding database: E11000 duplicate key error collection: test.payouts index: payoutId_1 dup key: { payoutId: null }","service":"p2p-marketplace","stack":"MongoServerError: E11000 duplicate key error collection: test.payouts index: payoutId_1 dup key: { payoutId: null }\n    at InsertOneOperation.execute (C:\\Owais\\odoo-test\\backend\\node_modules\\mongodb\\lib\\operations\\insert.js:51:19)\n    at process.processTicksAndRejections (node:internal/process/task_queues:105:5)\n    at async tryOperation (C:\\Owais\\odoo-test\\backend\\node_modules\\mongodb\\lib\\operations\\execute_operation.js:207:20)\n    at async executeOperation (C:\\Owais\\odoo-test\\backend\\node_modules\\mongodb\\lib\\operations\\execute_operation.js:75:16)\n    at async Collection.insertOne (C:\\Owais\\odoo-test\\backend\\node_modules\\mongodb\\lib\\collection.js:157:16)","timestamp":"2025-08-11T21:27:27.646Z"}
{"level":"info","message":"Connected to MongoDB for seeding","service":"p2p-marketplace","timestamp":"2025-08-11T21:28:00.922Z"}
{"level":"info","message":"Cleared existing data","service":"p2p-marketplace","timestamp":"2025-08-11T21:28:01.343Z"}
{"level":"info","message":"Created admin user","service":"p2p-marketplace","timestamp":"2025-08-11T21:28:01.926Z"}
{"level":"info","message":"Created host users","service":"p2p-marketplace","timestamp":"2025-08-11T21:28:02.972Z"}
{"level":"info","message":"Created customer users","service":"p2p-marketplace","timestamp":"2025-08-11T21:28:04.626Z"}
{"level":"info","message":"Created listings","service":"p2p-marketplace","timestamp":"2025-08-11T21:28:04.844Z"}
{"level":"info","message":"Created sample orders and reservations","service":"p2p-marketplace","timestamp":"2025-08-11T21:28:05.199Z"}
{"level":"info","message":"Created sample payouts","service":"p2p-marketplace","timestamp":"2025-08-11T21:28:05.252Z"}
{"level":"info","message":"Received SIGINT. Shutting down gracefully...","service":"p2p-marketplace","timestamp":"2025-08-11T21:28:32.039Z"}
{"level":"info","message":"Razorpay service initialized in MOCK mode","service":"p2p-marketplace","timestamp":"2025-08-11T21:28:38.729Z"}
{"level":"info","message":"MongoDB Connected: ac-s9wa81m-shard-00-02.fnbpkxu.mongodb.net","service":"p2p-marketplace","timestamp":"2025-08-11T21:28:39.132Z"}
{"level":"info","message":"Server running in development mode on port 5000","service":"p2p-marketplace","timestamp":"2025-08-11T21:28:39.134Z"}
{"jwtSecret":"Set","level":"info","message":"Configuration:","mongoUri":"Set","nodeEnv":"development","paymentMode":"mock","port":"5000","razorpayKey":"Set","service":"p2p-marketplace","timestamp":"2025-08-11T21:28:39.134Z"}
{"level":"info","message":"Razorpay service initialized in MOCK mode","service":"p2p-marketplace","timestamp":"2025-08-11T21:29:48.701Z"}
{"level":"info","message":"MongoDB Connected: ac-s9wa81m-shard-00-00.fnbpkxu.mongodb.net","service":"p2p-marketplace","timestamp":"2025-08-11T21:29:49.208Z"}
{"level":"info","message":"Server running in development mode on port 5000","service":"p2p-marketplace","timestamp":"2025-08-11T21:29:49.210Z"}
{"jwtSecret":"Set","level":"info","message":"Configuration:","mongoUri":"Set","nodeEnv":"development","paymentMode":"mock","port":"5000","razorpayKey":"Set","service":"p2p-marketplace","timestamp":"2025-08-11T21:29:49.210Z"}
{"level":"info","message":"Razorpay service initialized in MOCK mode","service":"p2p-marketplace","timestamp":"2025-08-11T21:30:02.066Z"}
{"level":"info","message":"MongoDB Connected: ac-s9wa81m-shard-00-00.fnbpkxu.mongodb.net","service":"p2p-marketplace","timestamp":"2025-08-11T21:30:02.544Z"}
{"level":"info","message":"Server running in development mode on port 5000","service":"p2p-marketplace","timestamp":"2025-08-11T21:30:02.547Z"}
{"jwtSecret":"Set","level":"info","message":"Configuration:","mongoUri":"Set","nodeEnv":"development","paymentMode":"mock","port":"5000","razorpayKey":"Set","service":"p2p-marketplace","timestamp":"2025-08-11T21:30:02.548Z"}
{"level":"info","message":"Received SIGINT. Shutting down gracefully...","service":"p2p-marketplace","timestamp":"2025-08-11T21:31:02.407Z"}
{"level":"info","message":"Razorpay service initialized in MOCK mode","service":"p2p-marketplace","timestamp":"2025-08-11T21:31:31.803Z"}
{"level":"info","message":"MongoDB Connected: ac-s9wa81m-shard-00-02.fnbpkxu.mongodb.net","service":"p2p-marketplace","timestamp":"2025-08-11T21:31:32.356Z"}
{"level":"info","message":"Server running in development mode on port 5000","service":"p2p-marketplace","timestamp":"2025-08-11T21:31:32.362Z"}
{"jwtSecret":"Set","level":"info","message":"Configuration:","mongoUri":"Set","nodeEnv":"development","paymentMode":"mock","port":"5000","razorpayKey":"Set","service":"p2p-marketplace","timestamp":"2025-08-11T21:31:32.364Z"}
{"level":"info","message":"Razorpay service initialized in MOCK mode","service":"p2p-marketplace","timestamp":"2025-08-11T21:32:45.401Z"}
{"level":"info","message":"MongoDB Connected: ac-s9wa81m-shard-00-02.fnbpkxu.mongodb.net","service":"p2p-marketplace","timestamp":"2025-08-11T21:32:45.891Z"}
{"level":"info","message":"Server running in development mode on port 5000","service":"p2p-marketplace","timestamp":"2025-08-11T21:32:45.894Z"}
{"jwtSecret":"Set","level":"info","message":"Configuration:","mongoUri":"Set","nodeEnv":"development","paymentMode":"mock","port":"5000","razorpayKey":"Set","service":"p2p-marketplace","timestamp":"2025-08-11T21:32:45.895Z"}
{"level":"info","message":"Received SIGINT. Shutting down gracefully...","service":"p2p-marketplace","timestamp":"2025-08-11T21:33:27.867Z"}
{"level":"info","message":"Razorpay service initialized in MOCK mode","service":"p2p-marketplace","timestamp":"2025-08-11T21:33:33.396Z"}
{"level":"info","message":"MongoDB Connected: ac-s9wa81m-shard-00-01.fnbpkxu.mongodb.net","service":"p2p-marketplace","timestamp":"2025-08-11T21:33:33.770Z"}
{"level":"info","message":"Server running in development mode on port 5000","service":"p2p-marketplace","timestamp":"2025-08-11T21:33:33.772Z"}
{"jwtSecret":"Set","level":"info","message":"Configuration:","mongoUri":"Set","nodeEnv":"development","paymentMode":"mock","port":"5000","razorpayKey":"Set","service":"p2p-marketplace","timestamp":"2025-08-11T21:33:33.773Z"}
{"level":"info","message":"Razorpay service initialized in MOCK mode","service":"p2p-marketplace","timestamp":"2025-08-11T21:35:27.058Z"}
{"level":"info","message":"MongoDB Connected: ac-s9wa81m-shard-00-02.fnbpkxu.mongodb.net","service":"p2p-marketplace","timestamp":"2025-08-11T21:35:27.536Z"}
{"level":"info","message":"Server running in development mode on port 5000","service":"p2p-marketplace","timestamp":"2025-08-11T21:35:27.541Z"}
{"jwtSecret":"Set","level":"info","message":"Configuration:","mongoUri":"Set","nodeEnv":"development","paymentMode":"mock","port":"5000","razorpayKey":"Set","service":"p2p-marketplace","timestamp":"2025-08-11T21:35:27.542Z"}
{"level":"info","message":"Received SIGINT. Shutting down gracefully...","service":"p2p-marketplace","timestamp":"2025-08-11T21:36:01.006Z"}
{"level":"info","message":"Razorpay service initialized in MOCK mode","service":"p2p-marketplace","timestamp":"2025-08-11T21:36:21.754Z"}
{"level":"info","message":"MongoDB Connected: ac-s9wa81m-shard-00-01.fnbpkxu.mongodb.net","service":"p2p-marketplace","timestamp":"2025-08-11T21:36:22.178Z"}
{"level":"info","message":"Server running in development mode on port 5000","service":"p2p-marketplace","timestamp":"2025-08-11T21:36:22.182Z"}
{"jwtSecret":"Set","level":"info","message":"Configuration:","mongoUri":"Set","nodeEnv":"development","paymentMode":"mock","port":"5000","razorpayKey":"Set","service":"p2p-marketplace","timestamp":"2025-08-11T21:36:22.182Z"}
{"level":"info","message":"Received SIGINT. Shutting down gracefully...","service":"p2p-marketplace","timestamp":"2025-08-11T21:37:21.670Z"}
{"level":"info","message":"Razorpay service initialized in MOCK mode","service":"p2p-marketplace","timestamp":"2025-08-11T21:37:26.449Z"}
{"level":"info","message":"MongoDB Connected: ac-s9wa81m-shard-00-01.fnbpkxu.mongodb.net","service":"p2p-marketplace","timestamp":"2025-08-11T21:37:26.888Z"}
{"level":"info","message":"Server running in development mode on port 5000","service":"p2p-marketplace","timestamp":"2025-08-11T21:37:26.893Z"}
{"jwtSecret":"Set","level":"info","message":"Configuration:","mongoUri":"Set","nodeEnv":"development","paymentMode":"mock","port":"5000","razorpayKey":"Set","service":"p2p-marketplace","timestamp":"2025-08-11T21:37:26.894Z"}
{"level":"info","message":"Razorpay service initialized in MOCK mode","service":"p2p-marketplace","timestamp":"2025-08-11T21:38:52.325Z"}
{"level":"info","message":"MongoDB Connected: ac-s9wa81m-shard-00-00.fnbpkxu.mongodb.net","service":"p2p-marketplace","timestamp":"2025-08-11T21:38:52.809Z"}
{"level":"info","message":"Server running in development mode on port 5000","service":"p2p-marketplace","timestamp":"2025-08-11T21:38:52.811Z"}
{"jwtSecret":"Set","level":"info","message":"Configuration:","mongoUri":"Set","nodeEnv":"development","paymentMode":"mock","port":"5000","razorpayKey":"Set","service":"p2p-marketplace","timestamp":"2025-08-11T21:38:52.812Z"}
{"level":"info","message":"Razorpay service initialized in MOCK mode","service":"p2p-marketplace","timestamp":"2025-08-11T21:39:45.867Z"}
{"level":"info","message":"MongoDB Connected: ac-s9wa81m-shard-00-01.fnbpkxu.mongodb.net","service":"p2p-marketplace","timestamp":"2025-08-11T21:39:46.247Z"}
{"level":"info","message":"Server running in development mode on port 5000","service":"p2p-marketplace","timestamp":"2025-08-11T21:39:46.249Z"}
{"jwtSecret":"Set","level":"info","message":"Configuration:","mongoUri":"Set","nodeEnv":"development","paymentMode":"mock","port":"5000","razorpayKey":"Set","service":"p2p-marketplace","timestamp":"2025-08-11T21:39:46.249Z"}
{"level":"info","message":"Razorpay service initialized in MOCK mode","service":"p2p-marketplace","timestamp":"2025-08-11T21:40:06.409Z"}
{"level":"info","message":"MongoDB Connected: ac-s9wa81m-shard-00-00.fnbpkxu.mongodb.net","service":"p2p-marketplace","timestamp":"2025-08-11T21:40:06.784Z"}
{"level":"info","message":"Server running in development mode on port 5000","service":"p2p-marketplace","timestamp":"2025-08-11T21:40:06.785Z"}
{"jwtSecret":"Set","level":"info","message":"Configuration:","mongoUri":"Set","nodeEnv":"development","paymentMode":"mock","port":"5000","razorpayKey":"Set","service":"p2p-marketplace","timestamp":"2025-08-11T21:40:06.786Z"}
{"level":"info","message":"Razorpay service initialized in MOCK mode","service":"p2p-marketplace","timestamp":"2025-08-11T21:40:13.137Z"}
{"level":"info","message":"MongoDB Connected: ac-s9wa81m-shard-00-01.fnbpkxu.mongodb.net","service":"p2p-marketplace","timestamp":"2025-08-11T21:40:13.548Z"}
{"level":"info","message":"Server running in development mode on port 5000","service":"p2p-marketplace","timestamp":"2025-08-11T21:40:13.554Z"}
{"jwtSecret":"Set","level":"info","message":"Configuration:","mongoUri":"Set","nodeEnv":"development","paymentMode":"mock","port":"5000","razorpayKey":"Set","service":"p2p-marketplace","timestamp":"2025-08-11T21:40:13.556Z"}
{"level":"info","message":"Razorpay service initialized in MOCK mode","service":"p2p-marketplace","timestamp":"2025-08-11T21:40:24.476Z"}
{"level":"info","message":"MongoDB Connected: ac-s9wa81m-shard-00-00.fnbpkxu.mongodb.net","service":"p2p-marketplace","timestamp":"2025-08-11T21:40:24.825Z"}
{"level":"info","message":"Server running in development mode on port 5000","service":"p2p-marketplace","timestamp":"2025-08-11T21:40:24.827Z"}
{"jwtSecret":"Set","level":"info","message":"Configuration:","mongoUri":"Set","nodeEnv":"development","paymentMode":"mock","port":"5000","razorpayKey":"Set","service":"p2p-marketplace","timestamp":"2025-08-11T21:40:24.827Z"}
{"level":"info","message":"Razorpay service initialized in MOCK mode","service":"p2p-marketplace","timestamp":"2025-08-11T21:40:34.802Z"}
{"level":"info","message":"MongoDB Connected: ac-s9wa81m-shard-00-00.fnbpkxu.mongodb.net","service":"p2p-marketplace","timestamp":"2025-08-11T21:40:35.216Z"}
{"level":"info","message":"Server running in development mode on port 5000","service":"p2p-marketplace","timestamp":"2025-08-11T21:40:35.217Z"}
{"jwtSecret":"Set","level":"info","message":"Configuration:","mongoUri":"Set","nodeEnv":"development","paymentMode":"mock","port":"5000","razorpayKey":"Set","service":"p2p-marketplace","timestamp":"2025-08-11T21:40:35.218Z"}
{"level":"info","message":"Razorpay service initialized in MOCK mode","service":"p2p-marketplace","timestamp":"2025-08-11T21:40:43.821Z"}
{"level":"info","message":"MongoDB Connected: ac-s9wa81m-shard-00-02.fnbpkxu.mongodb.net","service":"p2p-marketplace","timestamp":"2025-08-11T21:40:44.212Z"}
{"level":"info","message":"Server running in development mode on port 5000","service":"p2p-marketplace","timestamp":"2025-08-11T21:40:44.215Z"}
{"jwtSecret":"Set","level":"info","message":"Configuration:","mongoUri":"Set","nodeEnv":"development","paymentMode":"mock","port":"5000","razorpayKey":"Set","service":"p2p-marketplace","timestamp":"2025-08-11T21:40:44.215Z"}
{"level":"info","message":"Razorpay service initialized in MOCK mode","service":"p2p-marketplace","timestamp":"2025-08-11T21:40:49.865Z"}
{"level":"info","message":"MongoDB Connected: ac-s9wa81m-shard-00-00.fnbpkxu.mongodb.net","service":"p2p-marketplace","timestamp":"2025-08-11T21:40:50.235Z"}
{"level":"info","message":"Server running in development mode on port 5000","service":"p2p-marketplace","timestamp":"2025-08-11T21:40:50.237Z"}
{"jwtSecret":"Set","level":"info","message":"Configuration:","mongoUri":"Set","nodeEnv":"development","paymentMode":"mock","port":"5000","razorpayKey":"Set","service":"p2p-marketplace","timestamp":"2025-08-11T21:40:50.238Z"}
{"level":"info","message":"Razorpay service initialized in MOCK mode","service":"p2p-marketplace","timestamp":"2025-08-11T21:41:07.229Z"}
{"level":"info","message":"MongoDB Connected: ac-s9wa81m-shard-00-01.fnbpkxu.mongodb.net","service":"p2p-marketplace","timestamp":"2025-08-11T21:41:07.657Z"}
{"level":"info","message":"Server running in development mode on port 5000","service":"p2p-marketplace","timestamp":"2025-08-11T21:41:07.660Z"}
{"jwtSecret":"Set","level":"info","message":"Configuration:","mongoUri":"Set","nodeEnv":"development","paymentMode":"mock","port":"5000","razorpayKey":"Set","service":"p2p-marketplace","timestamp":"2025-08-11T21:41:07.660Z"}
{"level":"info","message":"Razorpay service initialized in MOCK mode","service":"p2p-marketplace","timestamp":"2025-08-11T21:41:14.168Z"}
{"level":"info","message":"MongoDB Connected: ac-s9wa81m-shard-00-00.fnbpkxu.mongodb.net","service":"p2p-marketplace","timestamp":"2025-08-11T21:41:14.702Z"}
{"level":"info","message":"Server running in development mode on port 5000","service":"p2p-marketplace","timestamp":"2025-08-11T21:41:14.704Z"}
{"jwtSecret":"Set","level":"info","message":"Configuration:","mongoUri":"Set","nodeEnv":"development","paymentMode":"mock","port":"5000","razorpayKey":"Set","service":"p2p-marketplace","timestamp":"2025-08-11T21:41:14.704Z"}
{"level":"info","message":"Razorpay service initialized in MOCK mode","service":"p2p-marketplace","timestamp":"2025-08-11T21:41:20.068Z"}
{"level":"info","message":"MongoDB Connected: ac-s9wa81m-shard-00-02.fnbpkxu.mongodb.net","service":"p2p-marketplace","timestamp":"2025-08-11T21:41:20.440Z"}
{"level":"info","message":"Server running in development mode on port 5000","service":"p2p-marketplace","timestamp":"2025-08-11T21:41:20.442Z"}
{"jwtSecret":"Set","level":"info","message":"Configuration:","mongoUri":"Set","nodeEnv":"development","paymentMode":"mock","port":"5000","razorpayKey":"Set","service":"p2p-marketplace","timestamp":"2025-08-11T21:41:20.442Z"}
{"level":"info","message":"Razorpay service initialized in MOCK mode","service":"p2p-marketplace","timestamp":"2025-08-11T21:41:28.278Z"}
{"level":"info","message":"MongoDB Connected: ac-s9wa81m-shard-00-00.fnbpkxu.mongodb.net","service":"p2p-marketplace","timestamp":"2025-08-11T21:41:28.696Z"}
{"level":"info","message":"Server running in development mode on port 5000","service":"p2p-marketplace","timestamp":"2025-08-11T21:41:28.701Z"}
{"jwtSecret":"Set","level":"info","message":"Configuration:","mongoUri":"Set","nodeEnv":"development","paymentMode":"mock","port":"5000","razorpayKey":"Set","service":"p2p-marketplace","timestamp":"2025-08-11T21:41:28.702Z"}
{"level":"info","message":"Razorpay service initialized in MOCK mode","service":"p2p-marketplace","timestamp":"2025-08-11T21:41:55.423Z"}
{"level":"info","message":"MongoDB Connected: ac-s9wa81m-shard-00-01.fnbpkxu.mongodb.net","service":"p2p-marketplace","timestamp":"2025-08-11T21:41:56.013Z"}
{"level":"info","message":"Server running in development mode on port 5000","service":"p2p-marketplace","timestamp":"2025-08-11T21:41:56.015Z"}
{"jwtSecret":"Set","level":"info","message":"Configuration:","mongoUri":"Set","nodeEnv":"development","paymentMode":"mock","port":"5000","razorpayKey":"Set","service":"p2p-marketplace","timestamp":"2025-08-11T21:41:56.015Z"}
{"level":"info","message":"Razorpay service initialized in MOCK mode","service":"p2p-marketplace","timestamp":"2025-08-11T21:42:06.258Z"}
{"level":"info","message":"MongoDB Connected: ac-s9wa81m-shard-00-02.fnbpkxu.mongodb.net","service":"p2p-marketplace","timestamp":"2025-08-11T21:42:06.755Z"}
{"level":"info","message":"Server running in development mode on port 5000","service":"p2p-marketplace","timestamp":"2025-08-11T21:42:06.757Z"}
{"jwtSecret":"Set","level":"info","message":"Configuration:","mongoUri":"Set","nodeEnv":"development","paymentMode":"mock","port":"5000","razorpayKey":"Set","service":"p2p-marketplace","timestamp":"2025-08-11T21:42:06.757Z"}
{"level":"info","message":"Razorpay service initialized in MOCK mode","service":"p2p-marketplace","timestamp":"2025-08-11T21:42:20.678Z"}
{"level":"info","message":"MongoDB Connected: ac-s9wa81m-shard-00-00.fnbpkxu.mongodb.net","service":"p2p-marketplace","timestamp":"2025-08-11T21:42:21.130Z"}
{"level":"info","message":"Server running in development mode on port 5000","service":"p2p-marketplace","timestamp":"2025-08-11T21:42:21.132Z"}
{"jwtSecret":"Set","level":"info","message":"Configuration:","mongoUri":"Set","nodeEnv":"development","paymentMode":"mock","port":"5000","razorpayKey":"Set","service":"p2p-marketplace","timestamp":"2025-08-11T21:42:21.133Z"}
{"level":"info","message":"Razorpay service initialized in MOCK mode","service":"p2p-marketplace","timestamp":"2025-08-11T21:42:29.252Z"}
{"level":"info","message":"MongoDB Connected: ac-s9wa81m-shard-00-01.fnbpkxu.mongodb.net","service":"p2p-marketplace","timestamp":"2025-08-11T21:42:29.728Z"}
{"level":"info","message":"Server running in development mode on port 5000","service":"p2p-marketplace","timestamp":"2025-08-11T21:42:29.729Z"}
{"jwtSecret":"Set","level":"info","message":"Configuration:","mongoUri":"Set","nodeEnv":"development","paymentMode":"mock","port":"5000","razorpayKey":"Set","service":"p2p-marketplace","timestamp":"2025-08-11T21:42:29.730Z"}
{"level":"info","message":"Received SIGINT. Shutting down gracefully...","service":"p2p-marketplace","timestamp":"2025-08-11T21:42:35.371Z"}
{"level":"info","message":"Razorpay service initialized in MOCK mode","service":"p2p-marketplace","timestamp":"2025-08-11T21:42:40.323Z"}
{"level":"info","message":"MongoDB Connected: ac-s9wa81m-shard-00-00.fnbpkxu.mongodb.net","service":"p2p-marketplace","timestamp":"2025-08-11T21:42:40.750Z"}
{"level":"info","message":"Server running in development mode on port 5000","service":"p2p-marketplace","timestamp":"2025-08-11T21:42:40.756Z"}
{"jwtSecret":"Set","level":"info","message":"Configuration:","mongoUri":"Set","nodeEnv":"development","paymentMode":"mock","port":"5000","razorpayKey":"Set","service":"p2p-marketplace","timestamp":"2025-08-11T21:42:40.757Z"}
{"level":"info","message":"Received SIGINT. Shutting down gracefully...","service":"p2p-marketplace","timestamp":"2025-08-11T21:43:31.686Z"}
{"level":"info","message":"Razorpay service initialized in MOCK mode","service":"p2p-marketplace","timestamp":"2025-08-11T21:43:50.473Z"}
{"level":"info","message":"MongoDB Connected: ac-s9wa81m-shard-00-02.fnbpkxu.mongodb.net","service":"p2p-marketplace","timestamp":"2025-08-11T21:43:50.865Z"}
{"level":"info","message":"Server running in development mode on port 5000","service":"p2p-marketplace","timestamp":"2025-08-11T21:43:50.869Z"}
{"jwtSecret":"Set","level":"info","message":"Configuration:","mongoUri":"Set","nodeEnv":"development","paymentMode":"mock","port":"5000","razorpayKey":"Set","service":"p2p-marketplace","timestamp":"2025-08-11T21:43:50.869Z"}
{"level":"info","message":"Razorpay service initialized in MOCK mode","service":"p2p-marketplace","timestamp":"2025-08-11T21:45:11.568Z"}
{"level":"info","message":"MongoDB Connected: ac-s9wa81m-shard-00-00.fnbpkxu.mongodb.net","service":"p2p-marketplace","timestamp":"2025-08-11T21:45:12.081Z"}
{"level":"info","message":"Razorpay service initialized in MOCK mode","service":"p2p-marketplace","timestamp":"2025-08-11T21:46:48.311Z"}
{"level":"info","message":"MongoDB Connected: ac-s9wa81m-shard-00-01.fnbpkxu.mongodb.net","service":"p2p-marketplace","timestamp":"2025-08-11T21:46:48.902Z"}
{"level":"info","message":"Server running in development mode on port 5000","service":"p2p-marketplace","timestamp":"2025-08-11T21:46:48.905Z"}
{"jwtSecret":"Set","level":"info","message":"Configuration:","mongoUri":"Set","nodeEnv":"development","paymentMode":"mock","port":"5000","razorpayKey":"Set","service":"p2p-marketplace","timestamp":"2025-08-11T21:46:48.905Z"}
{"level":"info","message":"Received SIGINT. Shutting down gracefully...","service":"p2p-marketplace","timestamp":"2025-08-11T21:47:26.030Z"}
{"level":"info","message":"Razorpay service initialized in MOCK mode","service":"p2p-marketplace","timestamp":"2025-08-11T21:48:26.605Z"}
{"level":"info","message":"MongoDB Connected: ac-s9wa81m-shard-00-00.fnbpkxu.mongodb.net","service":"p2p-marketplace","timestamp":"2025-08-11T21:48:27.018Z"}
{"level":"info","message":"Server running in development mode on port 5000","service":"p2p-marketplace","timestamp":"2025-08-11T21:48:27.021Z"}
{"jwtSecret":"Set","level":"info","message":"Configuration:","mongoUri":"Set","nodeEnv":"development","paymentMode":"mock","port":"5000","razorpayKey":"Set","service":"p2p-marketplace","timestamp":"2025-08-11T21:48:27.021Z"}
{"level":"info","message":"Razorpay service initialized in MOCK mode","service":"p2p-marketplace","timestamp":"2025-08-11T21:49:04.416Z"}
{"level":"info","message":"MongoDB Connected: ac-s9wa81m-shard-00-02.fnbpkxu.mongodb.net","service":"p2p-marketplace","timestamp":"2025-08-11T21:49:04.844Z"}
{"level":"info","message":"Server running in development mode on port 5000","service":"p2p-marketplace","timestamp":"2025-08-11T21:49:04.849Z"}
{"jwtSecret":"Set","level":"info","message":"Configuration:","mongoUri":"Set","nodeEnv":"development","paymentMode":"mock","port":"5000","razorpayKey":"Set","service":"p2p-marketplace","timestamp":"2025-08-11T21:49:04.849Z"}
{"level":"info","message":"Razorpay service initialized in MOCK mode","service":"p2p-marketplace","timestamp":"2025-08-11T21:49:29.497Z"}
{"level":"info","message":"MongoDB Connected: ac-s9wa81m-shard-00-02.fnbpkxu.mongodb.net","service":"p2p-marketplace","timestamp":"2025-08-11T21:49:29.918Z"}
{"level":"info","message":"Server running in development mode on port 5000","service":"p2p-marketplace","timestamp":"2025-08-11T21:49:29.920Z"}
{"jwtSecret":"Set","level":"info","message":"Configuration:","mongoUri":"Set","nodeEnv":"development","paymentMode":"mock","port":"5000","razorpayKey":"Set","service":"p2p-marketplace","timestamp":"2025-08-11T21:49:29.921Z"}
{"error":"Not found - /favicon.ico","ip":"::1","level":"error","message":"Error caught by errorHandler:","method":"GET","service":"p2p-marketplace","stack":"Error: Not found - /favicon.ico\n    at notFound (C:\\Owais\\odoo-test\\backend\\src\\middleware\\errorHandler.js:8:17)\n    at Layer.handle [as handle_request] (C:\\Owais\\odoo-test\\backend\\node_modules\\express\\lib\\router\\layer.js:95:5)\n    at trim_prefix (C:\\Owais\\odoo-test\\backend\\node_modules\\express\\lib\\router\\index.js:328:13)\n    at C:\\Owais\\odoo-test\\backend\\node_modules\\express\\lib\\router\\index.js:286:9\n    at router.process_params (C:\\Owais\\odoo-test\\backend\\node_modules\\express\\lib\\router\\index.js:346:12)\n    at next (C:\\Owais\\odoo-test\\backend\\node_modules\\express\\lib\\router\\index.js:280:10)\n    at urlencodedParser (C:\\Owais\\odoo-test\\backend\\node_modules\\body-parser\\lib\\types\\urlencoded.js:94:7)\n    at Layer.handle [as handle_request] (C:\\Owais\\odoo-test\\backend\\node_modules\\express\\lib\\router\\layer.js:95:5)\n    at trim_prefix (C:\\Owais\\odoo-test\\backend\\node_modules\\express\\lib\\router\\index.js:328:13)\n    at C:\\Owais\\odoo-test\\backend\\node_modules\\express\\lib\\router\\index.js:286:9","timestamp":"2025-08-11T21:51:09.410Z","url":"/favicon.ico","userAgent":"Mozilla/5.0 (Windows NT 10.0; Win64; x64) AppleWebKit/537.36 (KHTML, like Gecko) Chrome/139.0.0.0 Safari/537.36 Edg/139.0.0.0"}
{"level":"info","message":"Razorpay service initialized in MOCK mode","service":"p2p-marketplace","timestamp":"2025-08-11T21:51:58.869Z"}
{"level":"info","message":"MongoDB Connected: ac-s9wa81m-shard-00-02.fnbpkxu.mongodb.net","service":"p2p-marketplace","timestamp":"2025-08-11T21:51:59.391Z"}
{"level":"info","message":"Server running in development mode on port 5000","service":"p2p-marketplace","timestamp":"2025-08-11T21:51:59.393Z"}
{"jwtSecret":"Set","level":"info","message":"Configuration:","mongoUri":"Set","nodeEnv":"development","paymentMode":"mock","port":"5000","razorpayKey":"Set","service":"p2p-marketplace","timestamp":"2025-08-11T21:51:59.393Z"}
{"level":"info","message":"Received SIGINT. Shutting down gracefully...","service":"p2p-marketplace","timestamp":"2025-08-11T21:52:10.373Z"}
{"level":"info","message":"Razorpay service initialized in MOCK mode","service":"p2p-marketplace","timestamp":"2025-08-11T21:52:14.913Z"}
{"level":"info","message":"MongoDB Connected: ac-s9wa81m-shard-00-02.fnbpkxu.mongodb.net","service":"p2p-marketplace","timestamp":"2025-08-11T21:52:15.390Z"}
{"level":"info","message":"Server running in development mode on port 5000","service":"p2p-marketplace","timestamp":"2025-08-11T21:52:15.397Z"}
{"jwtSecret":"Set","level":"info","message":"Configuration:","mongoUri":"Set","nodeEnv":"development","paymentMode":"mock","port":"5000","razorpayKey":"Set","service":"p2p-marketplace","timestamp":"2025-08-11T21:52:15.399Z"}
{"level":"info","limit":12,"message":"Fetched 8 listings","page":1,"query":{"status":"published"},"service":"p2p-marketplace","timestamp":"2025-08-11T21:52:41.482Z"}
{"level":"info","limit":12,"message":"Fetched 8 listings","page":1,"query":{"status":"published"},"service":"p2p-marketplace","timestamp":"2025-08-11T21:52:45.188Z"}
{"level":"info","message":"Razorpay service initialized in MOCK mode","service":"p2p-marketplace","timestamp":"2025-08-11T22:14:18.881Z"}
{"level":"info","message":"MongoDB Connected: ac-s9wa81m-shard-00-01.fnbpkxu.mongodb.net","service":"p2p-marketplace","timestamp":"2025-08-11T22:14:19.286Z"}
{"level":"info","message":"Server running in development mode on port 5000","service":"p2p-marketplace","timestamp":"2025-08-11T22:14:19.290Z"}
{"jwtSecret":"Set","level":"info","message":"Configuration:","mongoUri":"Set","nodeEnv":"development","paymentMode":"mock","port":"5000","razorpayKey":"Set","service":"p2p-marketplace","timestamp":"2025-08-11T22:14:19.291Z"}
{"level":"info","message":"Received SIGINT. Shutting down gracefully...","service":"p2p-marketplace","timestamp":"2025-08-11T22:14:31.510Z"}
{"level":"info","message":"Razorpay service initialized in MOCK mode","service":"p2p-marketplace","timestamp":"2025-08-11T22:14:42.361Z"}
{"level":"info","message":"MongoDB Connected: ac-s9wa81m-shard-00-02.fnbpkxu.mongodb.net","service":"p2p-marketplace","timestamp":"2025-08-11T22:14:42.741Z"}
{"level":"info","message":"Server running in development mode on port 5000","service":"p2p-marketplace","timestamp":"2025-08-11T22:14:42.745Z"}
{"jwtSecret":"Set","level":"info","message":"Configuration:","mongoUri":"Set","nodeEnv":"development","paymentMode":"mock","port":"5000","razorpayKey":"Set","service":"p2p-marketplace","timestamp":"2025-08-11T22:14:42.746Z"}
{"level":"info","message":"Razorpay service initialized in MOCK mode","service":"p2p-marketplace","timestamp":"2025-08-11T22:15:01.593Z"}
{"level":"info","message":"MongoDB Connected: ac-s9wa81m-shard-00-00.fnbpkxu.mongodb.net","service":"p2p-marketplace","timestamp":"2025-08-11T22:15:02.010Z"}
{"level":"info","message":"Server running in development mode on port 5000","service":"p2p-marketplace","timestamp":"2025-08-11T22:15:02.016Z"}
{"jwtSecret":"Set","level":"info","message":"Configuration:","mongoUri":"Set","nodeEnv":"development","paymentMode":"mock","port":"5000","razorpayKey":"Set","service":"p2p-marketplace","timestamp":"2025-08-11T22:15:02.017Z"}
{"level":"info","message":"Razorpay service initialized in MOCK mode","service":"p2p-marketplace","timestamp":"2025-08-11T22:15:59.684Z"}
{"level":"info","message":"MongoDB Connected: ac-s9wa81m-shard-00-00.fnbpkxu.mongodb.net","service":"p2p-marketplace","timestamp":"2025-08-11T22:16:00.096Z"}
{"level":"info","message":"Server running in development mode on port 5000","service":"p2p-marketplace","timestamp":"2025-08-11T22:16:00.098Z"}
{"jwtSecret":"Set","level":"info","message":"Configuration:","mongoUri":"Set","nodeEnv":"development","paymentMode":"mock","port":"5000","razorpayKey":"Set","service":"p2p-marketplace","timestamp":"2025-08-11T22:16:00.099Z"}
{"error":"Not found - /api/","ip":"::1","level":"error","message":"Error caught by errorHandler:","method":"GET","service":"p2p-marketplace","stack":"Error: Not found - /api/\n    at notFound (C:\\Owais\\odoo-test\\backend\\src\\middleware\\errorHandler.js:8:17)\n    at Layer.handle [as handle_request] (C:\\Owais\\odoo-test\\backend\\node_modules\\express\\lib\\router\\layer.js:95:5)\n    at trim_prefix (C:\\Owais\\odoo-test\\backend\\node_modules\\express\\lib\\router\\index.js:328:13)\n    at C:\\Owais\\odoo-test\\backend\\node_modules\\express\\lib\\router\\index.js:286:9\n    at router.process_params (C:\\Owais\\odoo-test\\backend\\node_modules\\express\\lib\\router\\index.js:346:12)\n    at next (C:\\Owais\\odoo-test\\backend\\node_modules\\express\\lib\\router\\index.js:280:10)\n    at urlencodedParser (C:\\Owais\\odoo-test\\backend\\node_modules\\body-parser\\lib\\types\\urlencoded.js:94:7)\n    at Layer.handle [as handle_request] (C:\\Owais\\odoo-test\\backend\\node_modules\\express\\lib\\router\\layer.js:95:5)\n    at trim_prefix (C:\\Owais\\odoo-test\\backend\\node_modules\\express\\lib\\router\\index.js:328:13)\n    at C:\\Owais\\odoo-test\\backend\\node_modules\\express\\lib\\router\\index.js:286:9","timestamp":"2025-08-11T22:16:01.532Z","url":"/api/","userAgent":"axios/1.11.0"}
{"error":"Not found - /api/","ip":"::1","level":"error","message":"Error caught by errorHandler:","method":"GET","service":"p2p-marketplace","stack":"Error: Not found - /api/\n    at notFound (C:\\Owais\\odoo-test\\backend\\src\\middleware\\errorHandler.js:8:17)\n    at Layer.handle [as handle_request] (C:\\Owais\\odoo-test\\backend\\node_modules\\express\\lib\\router\\layer.js:95:5)\n    at trim_prefix (C:\\Owais\\odoo-test\\backend\\node_modules\\express\\lib\\router\\index.js:328:13)\n    at C:\\Owais\\odoo-test\\backend\\node_modules\\express\\lib\\router\\index.js:286:9\n    at router.process_params (C:\\Owais\\odoo-test\\backend\\node_modules\\express\\lib\\router\\index.js:346:12)\n    at next (C:\\Owais\\odoo-test\\backend\\node_modules\\express\\lib\\router\\index.js:280:10)\n    at urlencodedParser (C:\\Owais\\odoo-test\\backend\\node_modules\\body-parser\\lib\\types\\urlencoded.js:94:7)\n    at Layer.handle [as handle_request] (C:\\Owais\\odoo-test\\backend\\node_modules\\express\\lib\\router\\layer.js:95:5)\n    at trim_prefix (C:\\Owais\\odoo-test\\backend\\node_modules\\express\\lib\\router\\index.js:328:13)\n    at C:\\Owais\\odoo-test\\backend\\node_modules\\express\\lib\\router\\index.js:286:9","timestamp":"2025-08-11T22:16:01.543Z","url":"/api/","userAgent":"axios/1.11.0"}
{"level":"info","message":"User registered successfully: test.user.1754950562050@example.com","service":"p2p-marketplace","timestamp":"2025-08-11T22:16:02.375Z"}
{"level":"info","message":"User logged in successfully: test.user.1754950562050@example.com","service":"p2p-marketplace","timestamp":"2025-08-11T22:16:02.672Z"}
{"level":"info","message":"Profile updated for user: test.user.1754950562050@example.com","service":"p2p-marketplace","timestamp":"2025-08-11T22:16:03.078Z"}
{"level":"error","message":"Change password error: Illegal arguments: string, undefined","service":"p2p-marketplace","stack":"Error: Illegal arguments: string, undefined\n    at _async (C:\\Owais\\odoo-test\\backend\\node_modules\\bcryptjs\\dist\\bcrypt.js:286:46)\n    at C:\\Owais\\odoo-test\\backend\\node_modules\\bcryptjs\\dist\\bcrypt.js:307:17\n    at new Promise (<anonymous>)\n    at bcrypt.compare (C:\\Owais\\odoo-test\\backend\\node_modules\\bcryptjs\\dist\\bcrypt.js:306:20)\n    at UserSchema.methods.comparePassword (C:\\Owais\\odoo-test\\backend\\src\\models\\User.js:123:17)\n    at changePassword (C:\\Owais\\odoo-test\\backend\\src\\controllers\\auth.controller.js:316:49)\n    at Layer.handle [as handle_request] (C:\\Owais\\odoo-test\\backend\\node_modules\\express\\lib\\router\\layer.js:95:5)\n    at next (C:\\Owais\\odoo-test\\backend\\node_modules\\express\\lib\\router\\route.js:149:13)\n    at C:\\Owais\\odoo-test\\backend\\src\\middleware\\validation.js:32:7\n    at Layer.handle [as handle_request] (C:\\Owais\\odoo-test\\backend\\node_modules\\express\\lib\\router\\layer.js:95:5)","timestamp":"2025-08-11T22:16:03.131Z"}
{"level":"info","message":"User upgraded to host: test.user.1754950562050@example.com","service":"p2p-marketplace","timestamp":"2025-08-11T22:16:03.204Z"}
{"level":"info","message":"User registered successfully: test.host.1754950563209@example.com","service":"p2p-marketplace","timestamp":"2025-08-11T22:16:03.571Z"}
{"level":"info","limit":"5","message":"Fetched 5 listings","page":"1","query":{"status":"published"},"service":"p2p-marketplace","timestamp":"2025-08-11T22:16:04.155Z"}
{"level":"info","limit":12,"message":"Fetched 1 listings","page":1,"query":{"$text":{"$search":"camera"},"category":"electronics","status":"published"},"service":"p2p-marketplace","timestamp":"2025-08-11T22:16:04.236Z"}
{"level":"info","message":"Fetched host dashboard for 689a6ba3528f3e7b37ae0283","monthlyRevenue":0,"service":"p2p-marketplace","timestamp":"2025-08-11T22:16:06.151Z","totalListings":0,"totalOrders":0}
{"level":"info","message":"Fetched 0 listings for host 689a6ba3528f3e7b37ae0283","service":"p2p-marketplace","timestamp":"2025-08-11T22:16:06.255Z"}
{"level":"info","message":"Fetched 0 orders for host 689a6ba3528f3e7b37ae0283","service":"p2p-marketplace","timestamp":"2025-08-11T22:16:06.349Z"}
{"level":"info","message":"Fetched 0 calendar events for host 689a6ba3528f3e7b37ae0283","service":"p2p-marketplace","timestamp":"2025-08-11T22:16:06.418Z"}
{"level":"info","message":"Fetched 0 wallet transactions for host 689a6ba3528f3e7b37ae0283","service":"p2p-marketplace","timestamp":"2025-08-11T22:16:06.532Z"}
{"level":"info","message":"Fetched host dashboard for 689a6ba2528f3e7b37ae0273","monthlyRevenue":0,"service":"p2p-marketplace","timestamp":"2025-08-11T22:16:06.692Z","totalListings":0,"totalOrders":0}
{"level":"warn","message":"Access denied for user 689a6ba2528f3e7b37ae0273 with role host. Required: admin","service":"p2p-marketplace","timestamp":"2025-08-11T22:16:07.261Z"}
{"error":"Not found - /api/invalid-endpoint","ip":"::1","level":"error","message":"Error caught by errorHandler:","method":"GET","service":"p2p-marketplace","stack":"Error: Not found - /api/invalid-endpoint\n    at notFound (C:\\Owais\\odoo-test\\backend\\src\\middleware\\errorHandler.js:8:17)\n    at Layer.handle [as handle_request] (C:\\Owais\\odoo-test\\backend\\node_modules\\express\\lib\\router\\layer.js:95:5)\n    at trim_prefix (C:\\Owais\\odoo-test\\backend\\node_modules\\express\\lib\\router\\index.js:328:13)\n    at C:\\Owais\\odoo-test\\backend\\node_modules\\express\\lib\\router\\index.js:286:9\n    at router.process_params (C:\\Owais\\odoo-test\\backend\\node_modules\\express\\lib\\router\\index.js:346:12)\n    at next (C:\\Owais\\odoo-test\\backend\\node_modules\\express\\lib\\router\\index.js:280:10)\n    at urlencodedParser (C:\\Owais\\odoo-test\\backend\\node_modules\\body-parser\\lib\\types\\urlencoded.js:94:7)\n    at Layer.handle [as handle_request] (C:\\Owais\\odoo-test\\backend\\node_modules\\express\\lib\\router\\layer.js:95:5)\n    at trim_prefix (C:\\Owais\\odoo-test\\backend\\node_modules\\express\\lib\\router\\index.js:328:13)\n    at C:\\Owais\\odoo-test\\backend\\node_modules\\express\\lib\\router\\index.js:286:9","timestamp":"2025-08-11T22:16:07.772Z","url":"/api/invalid-endpoint","userAgent":"axios/1.11.0"}
{"error":"Unexpected token '\"', \"\"{\\\"name\\\"\"... is not valid JSON","ip":"::1","level":"error","message":"Error caught by errorHandler:","method":"POST","service":"p2p-marketplace","stack":"SyntaxError: Unexpected token '\"', \"\"{\\\"name\\\"\"... is not valid JSON\n    at JSON.parse (<anonymous>)\n    at createStrictSyntaxError (C:\\Owais\\odoo-test\\backend\\node_modules\\body-parser\\lib\\types\\json.js:169:10)\n    at parse (C:\\Owais\\odoo-test\\backend\\node_modules\\body-parser\\lib\\types\\json.js:86:15)\n    at C:\\Owais\\odoo-test\\backend\\node_modules\\body-parser\\lib\\read.js:128:18\n    at AsyncResource.runInAsyncScope (node:async_hooks:214:14)\n    at invokeCallback (C:\\Owais\\odoo-test\\backend\\node_modules\\raw-body\\index.js:238:16)\n    at done (C:\\Owais\\odoo-test\\backend\\node_modules\\raw-body\\index.js:227:7)\n    at IncomingMessage.onEnd (C:\\Owais\\odoo-test\\backend\\node_modules\\raw-body\\index.js:287:7)\n    at IncomingMessage.emit (node:events:507:28)\n    at endReadableNT (node:internal/streams/readable:1701:12)","timestamp":"2025-08-11T22:16:07.780Z","url":"/api/auth/register","userAgent":"axios/1.11.0"}
{"level":"warn","message":"Auth rate limit exceeded for IP: ::1, Endpoint: /login","service":"p2p-marketplace","timestamp":"2025-08-11T22:16:08.321Z"}
{"level":"warn","message":"Auth rate limit exceeded for IP: ::1, Endpoint: /login","service":"p2p-marketplace","timestamp":"2025-08-11T22:16:08.325Z"}
{"level":"warn","message":"Auth rate limit exceeded for IP: ::1, Endpoint: /login","service":"p2p-marketplace","timestamp":"2025-08-11T22:16:08.329Z"}
{"level":"warn","message":"Auth rate limit exceeded for IP: ::1, Endpoint: /login","service":"p2p-marketplace","timestamp":"2025-08-11T22:16:08.332Z"}
{"level":"warn","message":"Auth rate limit exceeded for IP: ::1, Endpoint: /login","service":"p2p-marketplace","timestamp":"2025-08-11T22:16:08.336Z"}
{"level":"warn","message":"Auth rate limit exceeded for IP: ::1, Endpoint: /login","service":"p2p-marketplace","timestamp":"2025-08-11T22:16:08.339Z"}
{"level":"warn","message":"Auth rate limit exceeded for IP: ::1, Endpoint: /login","service":"p2p-marketplace","timestamp":"2025-08-11T22:16:08.341Z"}
{"level":"warn","message":"Auth rate limit exceeded for IP: ::1, Endpoint: /login","service":"p2p-marketplace","timestamp":"2025-08-11T22:16:08.343Z"}
{"level":"warn","message":"Auth rate limit exceeded for IP: ::1, Endpoint: /login","service":"p2p-marketplace","timestamp":"2025-08-11T22:16:08.345Z"}
{"error":"Not found - /api/","ip":"::1","level":"error","message":"Error caught by errorHandler:","method":"GET","service":"p2p-marketplace","stack":"Error: Not found - /api/\n    at notFound (C:\\Owais\\odoo-test\\backend\\src\\middleware\\errorHandler.js:8:17)\n    at Layer.handle [as handle_request] (C:\\Owais\\odoo-test\\backend\\node_modules\\express\\lib\\router\\layer.js:95:5)\n    at trim_prefix (C:\\Owais\\odoo-test\\backend\\node_modules\\express\\lib\\router\\index.js:328:13)\n    at C:\\Owais\\odoo-test\\backend\\node_modules\\express\\lib\\router\\index.js:286:9\n    at router.process_params (C:\\Owais\\odoo-test\\backend\\node_modules\\express\\lib\\router\\index.js:346:12)\n    at next (C:\\Owais\\odoo-test\\backend\\node_modules\\express\\lib\\router\\index.js:280:10)\n    at urlencodedParser (C:\\Owais\\odoo-test\\backend\\node_modules\\body-parser\\lib\\types\\urlencoded.js:94:7)\n    at Layer.handle [as handle_request] (C:\\Owais\\odoo-test\\backend\\node_modules\\express\\lib\\router\\layer.js:95:5)\n    at trim_prefix (C:\\Owais\\odoo-test\\backend\\node_modules\\express\\lib\\router\\index.js:328:13)\n    at C:\\Owais\\odoo-test\\backend\\node_modules\\express\\lib\\router\\index.js:286:9","timestamp":"2025-08-11T22:17:05.787Z","url":"/api/","userAgent":"axios/1.11.0"}
{"error":"Not found - /api/","ip":"::1","level":"error","message":"Error caught by errorHandler:","method":"GET","service":"p2p-marketplace","stack":"Error: Not found - /api/\n    at notFound (C:\\Owais\\odoo-test\\backend\\src\\middleware\\errorHandler.js:8:17)\n    at Layer.handle [as handle_request] (C:\\Owais\\odoo-test\\backend\\node_modules\\express\\lib\\router\\layer.js:95:5)\n    at trim_prefix (C:\\Owais\\odoo-test\\backend\\node_modules\\express\\lib\\router\\index.js:328:13)\n    at C:\\Owais\\odoo-test\\backend\\node_modules\\express\\lib\\router\\index.js:286:9\n    at router.process_params (C:\\Owais\\odoo-test\\backend\\node_modules\\express\\lib\\router\\index.js:346:12)\n    at next (C:\\Owais\\odoo-test\\backend\\node_modules\\express\\lib\\router\\index.js:280:10)\n    at urlencodedParser (C:\\Owais\\odoo-test\\backend\\node_modules\\body-parser\\lib\\types\\urlencoded.js:94:7)\n    at Layer.handle [as handle_request] (C:\\Owais\\odoo-test\\backend\\node_modules\\express\\lib\\router\\layer.js:95:5)\n    at trim_prefix (C:\\Owais\\odoo-test\\backend\\node_modules\\express\\lib\\router\\index.js:328:13)\n    at C:\\Owais\\odoo-test\\backend\\node_modules\\express\\lib\\router\\index.js:286:9","timestamp":"2025-08-11T22:17:05.795Z","url":"/api/","userAgent":"axios/1.11.0"}
{"level":"warn","message":"Auth rate limit exceeded for IP: ::1, Endpoint: /register","service":"p2p-marketplace","timestamp":"2025-08-11T22:17:06.309Z"}
{"level":"warn","message":"Auth rate limit exceeded for IP: ::1, Endpoint: /login","service":"p2p-marketplace","timestamp":"2025-08-11T22:17:06.315Z"}
{"level":"warn","message":"Auth rate limit exceeded for IP: ::1, Endpoint: /login","service":"p2p-marketplace","timestamp":"2025-08-11T22:17:06.323Z"}
{"level":"warn","message":"Auth rate limit exceeded for IP: ::1, Endpoint: /me","service":"p2p-marketplace","timestamp":"2025-08-11T22:17:06.327Z"}
{"level":"warn","message":"Auth rate limit exceeded for IP: ::1, Endpoint: /profile","service":"p2p-marketplace","timestamp":"2025-08-11T22:17:06.331Z"}
{"level":"warn","message":"Auth rate limit exceeded for IP: ::1, Endpoint: /change-password","service":"p2p-marketplace","timestamp":"2025-08-11T22:17:06.336Z"}
{"level":"warn","message":"Auth rate limit exceeded for IP: ::1, Endpoint: /become-host","service":"p2p-marketplace","timestamp":"2025-08-11T22:17:06.341Z"}
{"level":"warn","message":"Auth rate limit exceeded for IP: ::1, Endpoint: /register","service":"p2p-marketplace","timestamp":"2025-08-11T22:17:06.344Z"}
{"level":"info","limit":"5","message":"Fetched 5 listings","page":"1","query":{"status":"published"},"service":"p2p-marketplace","timestamp":"2025-08-11T22:17:06.936Z"}
{"level":"info","limit":12,"message":"Fetched 1 listings","page":1,"query":{"$text":{"$search":"camera"},"category":"electronics","status":"published"},"service":"p2p-marketplace","timestamp":"2025-08-11T22:17:07.019Z"}
{"error":"Not found - /api/invalid-endpoint","ip":"::1","level":"error","message":"Error caught by errorHandler:","method":"GET","service":"p2p-marketplace","stack":"Error: Not found - /api/invalid-endpoint\n    at notFound (C:\\Owais\\odoo-test\\backend\\src\\middleware\\errorHandler.js:8:17)\n    at Layer.handle [as handle_request] (C:\\Owais\\odoo-test\\backend\\node_modules\\express\\lib\\router\\layer.js:95:5)\n    at trim_prefix (C:\\Owais\\odoo-test\\backend\\node_modules\\express\\lib\\router\\index.js:328:13)\n    at C:\\Owais\\odoo-test\\backend\\node_modules\\express\\lib\\router\\index.js:286:9\n    at router.process_params (C:\\Owais\\odoo-test\\backend\\node_modules\\express\\lib\\router\\index.js:346:12)\n    at next (C:\\Owais\\odoo-test\\backend\\node_modules\\express\\lib\\router\\index.js:280:10)\n    at urlencodedParser (C:\\Owais\\odoo-test\\backend\\node_modules\\body-parser\\lib\\types\\urlencoded.js:94:7)\n    at Layer.handle [as handle_request] (C:\\Owais\\odoo-test\\backend\\node_modules\\express\\lib\\router\\layer.js:95:5)\n    at trim_prefix (C:\\Owais\\odoo-test\\backend\\node_modules\\express\\lib\\router\\index.js:328:13)\n    at C:\\Owais\\odoo-test\\backend\\node_modules\\express\\lib\\router\\index.js:286:9","timestamp":"2025-08-11T22:17:09.577Z","url":"/api/invalid-endpoint","userAgent":"axios/1.11.0"}
{"error":"Unexpected token '\"', \"\"{\\\"name\\\"\"... is not valid JSON","ip":"::1","level":"error","message":"Error caught by errorHandler:","method":"POST","service":"p2p-marketplace","stack":"SyntaxError: Unexpected token '\"', \"\"{\\\"name\\\"\"... is not valid JSON\n    at JSON.parse (<anonymous>)\n    at createStrictSyntaxError (C:\\Owais\\odoo-test\\backend\\node_modules\\body-parser\\lib\\types\\json.js:169:10)\n    at parse (C:\\Owais\\odoo-test\\backend\\node_modules\\body-parser\\lib\\types\\json.js:86:15)\n    at C:\\Owais\\odoo-test\\backend\\node_modules\\body-parser\\lib\\read.js:128:18\n    at AsyncResource.runInAsyncScope (node:async_hooks:214:14)\n    at invokeCallback (C:\\Owais\\odoo-test\\backend\\node_modules\\raw-body\\index.js:238:16)\n    at done (C:\\Owais\\odoo-test\\backend\\node_modules\\raw-body\\index.js:227:7)\n    at IncomingMessage.onEnd (C:\\Owais\\odoo-test\\backend\\node_modules\\raw-body\\index.js:287:7)\n    at IncomingMessage.emit (node:events:507:28)\n    at endReadableNT (node:internal/streams/readable:1701:12)","timestamp":"2025-08-11T22:17:09.585Z","url":"/api/auth/register","userAgent":"axios/1.11.0"}
{"level":"warn","message":"Auth rate limit exceeded for IP: ::1, Endpoint: /register","service":"p2p-marketplace","timestamp":"2025-08-11T22:17:09.591Z"}
{"level":"warn","message":"Auth rate limit exceeded for IP: ::1, Endpoint: /me","service":"p2p-marketplace","timestamp":"2025-08-11T22:17:09.597Z"}
{"level":"warn","message":"Auth rate limit exceeded for IP: ::1, Endpoint: /login","service":"p2p-marketplace","timestamp":"2025-08-11T22:17:10.120Z"}
{"level":"warn","message":"Auth rate limit exceeded for IP: ::1, Endpoint: /login","service":"p2p-marketplace","timestamp":"2025-08-11T22:17:10.126Z"}
{"level":"warn","message":"Auth rate limit exceeded for IP: ::1, Endpoint: /login","service":"p2p-marketplace","timestamp":"2025-08-11T22:17:10.127Z"}
{"level":"warn","message":"Auth rate limit exceeded for IP: ::1, Endpoint: /login","service":"p2p-marketplace","timestamp":"2025-08-11T22:17:10.129Z"}
{"level":"warn","message":"Auth rate limit exceeded for IP: ::1, Endpoint: /login","service":"p2p-marketplace","timestamp":"2025-08-11T22:17:10.130Z"}
{"level":"warn","message":"Auth rate limit exceeded for IP: ::1, Endpoint: /login","service":"p2p-marketplace","timestamp":"2025-08-11T22:17:10.132Z"}
{"level":"warn","message":"Auth rate limit exceeded for IP: ::1, Endpoint: /login","service":"p2p-marketplace","timestamp":"2025-08-11T22:17:10.134Z"}
{"level":"warn","message":"Auth rate limit exceeded for IP: ::1, Endpoint: /login","service":"p2p-marketplace","timestamp":"2025-08-11T22:17:10.135Z"}
{"level":"warn","message":"Auth rate limit exceeded for IP: ::1, Endpoint: /login","service":"p2p-marketplace","timestamp":"2025-08-11T22:17:10.135Z"}
{"level":"warn","message":"Auth rate limit exceeded for IP: ::1, Endpoint: /login","service":"p2p-marketplace","timestamp":"2025-08-11T22:17:10.136Z"}
{"level":"info","message":"Razorpay service initialized in MOCK mode","service":"p2p-marketplace","timestamp":"2025-08-11T22:18:44.310Z"}
{"level":"info","message":"MongoDB Connected: ac-s9wa81m-shard-00-00.fnbpkxu.mongodb.net","service":"p2p-marketplace","timestamp":"2025-08-11T22:18:44.790Z"}
{"level":"info","message":"Server running in development mode on port 5000","service":"p2p-marketplace","timestamp":"2025-08-11T22:18:44.797Z"}
{"jwtSecret":"Set","level":"info","message":"Configuration:","mongoUri":"Set","nodeEnv":"development","paymentMode":"mock","port":"5000","razorpayKey":"Set","service":"p2p-marketplace","timestamp":"2025-08-11T22:18:44.799Z"}
{"level":"info","message":"Razorpay service initialized in MOCK mode","service":"p2p-marketplace","timestamp":"2025-08-11T22:18:53.708Z"}
{"level":"info","message":"MongoDB Connected: ac-s9wa81m-shard-00-01.fnbpkxu.mongodb.net","service":"p2p-marketplace","timestamp":"2025-08-11T22:18:54.230Z"}
{"level":"info","message":"Server running in development mode on port 5000","service":"p2p-marketplace","timestamp":"2025-08-11T22:18:54.237Z"}
{"jwtSecret":"Set","level":"info","message":"Configuration:","mongoUri":"Set","nodeEnv":"development","paymentMode":"mock","port":"5000","razorpayKey":"Set","service":"p2p-marketplace","timestamp":"2025-08-11T22:18:54.239Z"}
{"level":"info","message":"Razorpay service initialized in MOCK mode","service":"p2p-marketplace","timestamp":"2025-08-11T22:19:31.058Z"}
{"level":"info","message":"MongoDB Connected: ac-s9wa81m-shard-00-00.fnbpkxu.mongodb.net","service":"p2p-marketplace","timestamp":"2025-08-11T22:19:31.425Z"}
{"level":"info","message":"Server running in development mode on port 5000","service":"p2p-marketplace","timestamp":"2025-08-11T22:19:31.428Z"}
{"jwtSecret":"Set","level":"info","message":"Configuration:","mongoUri":"Set","nodeEnv":"development","paymentMode":"mock","port":"5000","razorpayKey":"Set","service":"p2p-marketplace","timestamp":"2025-08-11T22:19:31.428Z"}
{"level":"info","message":"Razorpay service initialized in MOCK mode","service":"p2p-marketplace","timestamp":"2025-08-11T22:19:41.469Z"}
{"level":"info","message":"MongoDB Connected: ac-s9wa81m-shard-00-02.fnbpkxu.mongodb.net","service":"p2p-marketplace","timestamp":"2025-08-11T22:19:41.955Z"}
{"level":"info","message":"Server running in development mode on port 5000","service":"p2p-marketplace","timestamp":"2025-08-11T22:19:41.959Z"}
{"jwtSecret":"Set","level":"info","message":"Configuration:","mongoUri":"Set","nodeEnv":"development","paymentMode":"mock","port":"5000","razorpayKey":"Set","service":"p2p-marketplace","timestamp":"2025-08-11T22:19:41.960Z"}
{"level":"info","message":"Razorpay service initialized in MOCK mode","service":"p2p-marketplace","timestamp":"2025-08-11T22:19:49.206Z"}
{"level":"info","message":"MongoDB Connected: ac-s9wa81m-shard-00-01.fnbpkxu.mongodb.net","service":"p2p-marketplace","timestamp":"2025-08-11T22:19:49.761Z"}
{"level":"info","message":"Server running in development mode on port 5000","service":"p2p-marketplace","timestamp":"2025-08-11T22:19:49.771Z"}
{"jwtSecret":"Set","level":"info","message":"Configuration:","mongoUri":"Set","nodeEnv":"development","paymentMode":"mock","port":"5000","razorpayKey":"Set","service":"p2p-marketplace","timestamp":"2025-08-11T22:19:49.773Z"}
{"level":"info","message":"Razorpay service initialized in MOCK mode","service":"p2p-marketplace","timestamp":"2025-08-11T22:20:00.723Z"}
{"level":"info","message":"MongoDB Connected: ac-s9wa81m-shard-00-01.fnbpkxu.mongodb.net","service":"p2p-marketplace","timestamp":"2025-08-11T22:20:01.145Z"}
{"level":"info","message":"Razorpay service initialized in MOCK mode","service":"p2p-marketplace","timestamp":"2025-08-11T22:20:26.041Z"}
{"level":"info","message":"MongoDB Connected: ac-s9wa81m-shard-00-02.fnbpkxu.mongodb.net","service":"p2p-marketplace","timestamp":"2025-08-11T22:20:26.546Z"}
{"level":"info","message":"Server running in development mode on port 5000","service":"p2p-marketplace","timestamp":"2025-08-11T22:20:26.556Z"}
{"jwtSecret":"Set","level":"info","message":"Configuration:","mongoUri":"Set","nodeEnv":"development","paymentMode":"mock","port":"5000","razorpayKey":"Set","service":"p2p-marketplace","timestamp":"2025-08-11T22:20:26.557Z"}
{"level":"info","message":"Received SIGINT. Shutting down gracefully...","service":"p2p-marketplace","timestamp":"2025-08-11T22:20:40.993Z"}
{"level":"info","message":"Razorpay service initialized in MOCK mode","service":"p2p-marketplace","timestamp":"2025-08-11T22:21:01.874Z"}
{"level":"info","message":"MongoDB Connected: ac-s9wa81m-shard-00-02.fnbpkxu.mongodb.net","service":"p2p-marketplace","timestamp":"2025-08-11T22:21:02.360Z"}
{"level":"info","message":"Server running in development mode on port 5000","service":"p2p-marketplace","timestamp":"2025-08-11T22:21:02.364Z"}
{"jwtSecret":"Set","level":"info","message":"Configuration:","mongoUri":"Set","nodeEnv":"development","paymentMode":"mock","port":"5000","razorpayKey":"Set","service":"p2p-marketplace","timestamp":"2025-08-11T22:21:02.364Z"}
{"level":"info","message":"Received SIGINT. Shutting down gracefully...","service":"p2p-marketplace","timestamp":"2025-08-11T22:21:18.320Z"}
{"level":"info","message":"Razorpay service initialized in MOCK mode","service":"p2p-marketplace","timestamp":"2025-08-11T22:21:28.256Z"}
{"level":"info","message":"MongoDB Connected: ac-s9wa81m-shard-00-00.fnbpkxu.mongodb.net","service":"p2p-marketplace","timestamp":"2025-08-11T22:21:28.680Z"}
{"level":"info","message":"Server running in development mode on port 5000","service":"p2p-marketplace","timestamp":"2025-08-11T22:21:28.683Z"}
{"jwtSecret":"Set","level":"info","message":"Configuration:","mongoUri":"Set","nodeEnv":"development","paymentMode":"mock","port":"5000","razorpayKey":"Set","service":"p2p-marketplace","timestamp":"2025-08-11T22:21:28.684Z"}
{"level":"info","message":"User registered successfully: test1754950933974@example.com","service":"p2p-marketplace","timestamp":"2025-08-11T22:22:14.299Z"}
{"level":"info","message":"User registered successfully: regular1754950934303@example.com","service":"p2p-marketplace","timestamp":"2025-08-11T22:22:17.596Z"}
{"level":"info","message":"User registered successfully: test1754950978550@example.com","service":"p2p-marketplace","timestamp":"2025-08-11T22:22:58.934Z"}
{"level":"info","message":"User registered successfully: regular1754950978938@example.com","service":"p2p-marketplace","timestamp":"2025-08-11T22:23:02.231Z"}
{"level":"info","message":"User registered successfully: test1754951018039@example.com","service":"p2p-marketplace","timestamp":"2025-08-11T22:23:38.412Z"}
{"level":"info","message":"User registered successfully: regular1754951018415@example.com","service":"p2p-marketplace","timestamp":"2025-08-11T22:23:41.748Z"}
{"level":"info","message":"User registered successfully: test1754951025085@example.com","service":"p2p-marketplace","timestamp":"2025-08-11T22:23:45.399Z"}
{"level":"info","message":"User registered successfully: regular1754951025401@example.com","service":"p2p-marketplace","timestamp":"2025-08-11T22:23:48.722Z"}
{"level":"info","message":"User registered successfully: test1754951085843@example.com","service":"p2p-marketplace","timestamp":"2025-08-11T22:24:46.158Z"}
{"level":"error","message":"Change password error: Illegal arguments: string, undefined","service":"p2p-marketplace","stack":"Error: Illegal arguments: string, undefined\n    at _async (C:\\Owais\\odoo-test\\backend\\node_modules\\bcryptjs\\dist\\bcrypt.js:286:46)\n    at C:\\Owais\\odoo-test\\backend\\node_modules\\bcryptjs\\dist\\bcrypt.js:307:17\n    at new Promise (<anonymous>)\n    at bcrypt.compare (C:\\Owais\\odoo-test\\backend\\node_modules\\bcryptjs\\dist\\bcrypt.js:306:20)\n    at UserSchema.methods.comparePassword (C:\\Owais\\odoo-test\\backend\\src\\models\\User.js:123:17)\n    at changePassword (C:\\Owais\\odoo-test\\backend\\src\\controllers\\auth.controller.js:316:49)\n    at Layer.handle [as handle_request] (C:\\Owais\\odoo-test\\backend\\node_modules\\express\\lib\\router\\layer.js:95:5)\n    at next (C:\\Owais\\odoo-test\\backend\\node_modules\\express\\lib\\router\\route.js:149:13)\n    at C:\\Owais\\odoo-test\\backend\\src\\middleware\\validation.js:32:7\n    at Layer.handle [as handle_request] (C:\\Owais\\odoo-test\\backend\\node_modules\\express\\lib\\router\\layer.js:95:5)","timestamp":"2025-08-11T22:24:49.213Z"}
{"level":"warn","message":"Access denied for user 689a6dadf8cf822ec672e836 with role user. Required: host, admin","service":"p2p-marketplace","timestamp":"2025-08-11T22:24:55.349Z"}
{"level":"info","message":"User registered successfully: regular1754951095353@example.com","service":"p2p-marketplace","timestamp":"2025-08-11T22:24:58.660Z"}
{"level":"warn","message":"Access denied for user 689a6dbaf8cf822ec672e83f with role user. Required: host, admin","service":"p2p-marketplace","timestamp":"2025-08-11T22:25:01.730Z"}
{"level":"info","message":"User registered successfully: test1754951212827@example.com","service":"p2p-marketplace","timestamp":"2025-08-11T22:26:53.176Z"}
{"level":"error","message":"Change password error: Illegal arguments: string, undefined","service":"p2p-marketplace","stack":"Error: Illegal arguments: string, undefined\n    at _async (C:\\Owais\\odoo-test\\backend\\node_modules\\bcryptjs\\dist\\bcrypt.js:286:46)\n    at C:\\Owais\\odoo-test\\backend\\node_modules\\bcryptjs\\dist\\bcrypt.js:307:17\n    at new Promise (<anonymous>)\n    at bcrypt.compare (C:\\Owais\\odoo-test\\backend\\node_modules\\bcryptjs\\dist\\bcrypt.js:306:20)\n    at UserSchema.methods.comparePassword (C:\\Owais\\odoo-test\\backend\\src\\models\\User.js:123:17)\n    at changePassword (C:\\Owais\\odoo-test\\backend\\src\\controllers\\auth.controller.js:316:49)\n    at Layer.handle [as handle_request] (C:\\Owais\\odoo-test\\backend\\node_modules\\express\\lib\\router\\layer.js:95:5)\n    at next (C:\\Owais\\odoo-test\\backend\\node_modules\\express\\lib\\router\\route.js:149:13)\n    at C:\\Owais\\odoo-test\\backend\\src\\middleware\\validation.js:32:7\n    at Layer.handle [as handle_request] (C:\\Owais\\odoo-test\\backend\\node_modules\\express\\lib\\router\\layer.js:95:5)","timestamp":"2025-08-11T22:26:56.233Z"}
{"level":"warn","message":"Auth rate limit exceeded for IP: ::1, Endpoint: /become-host","service":"p2p-marketplace","timestamp":"2025-08-11T22:26:59.253Z"}
{"level":"warn","message":"Access denied for user 689a6e2cf8cf822ec672e844 with role user. Required: host, admin","service":"p2p-marketplace","timestamp":"2025-08-11T22:27:02.312Z"}
{"level":"warn","message":"Auth rate limit exceeded for IP: ::1, Endpoint: /register","service":"p2p-marketplace","timestamp":"2025-08-11T22:27:05.320Z"}
{"level":"warn","message":"Auth rate limit exceeded for IP: ::1, Endpoint: /register","service":"p2p-marketplace","timestamp":"2025-08-11T22:27:29.458Z"}
{"level":"info","message":"Razorpay service initialized in MOCK mode","service":"p2p-marketplace","timestamp":"2025-08-11T22:30:34.452Z"}
{"level":"info","message":"MongoDB Connected: ac-s9wa81m-shard-00-02.fnbpkxu.mongodb.net","service":"p2p-marketplace","timestamp":"2025-08-11T22:30:35.159Z"}
{"level":"info","message":"Server running in development mode on port 5000","service":"p2p-marketplace","timestamp":"2025-08-11T22:30:35.167Z"}
{"jwtSecret":"Set","level":"info","message":"Configuration:","mongoUri":"Set","nodeEnv":"development","paymentMode":"mock","port":"5000","razorpayKey":"Set","service":"p2p-marketplace","timestamp":"2025-08-11T22:30:35.168Z"}
{"level":"info","message":"Received SIGINT. Shutting down gracefully...","service":"p2p-marketplace","timestamp":"2025-08-11T22:30:54.311Z"}
{"level":"info","message":"Razorpay service initialized in MOCK mode","service":"p2p-marketplace","timestamp":"2025-08-11T22:31:03.667Z"}
{"level":"info","message":"MongoDB Connected: ac-s9wa81m-shard-00-00.fnbpkxu.mongodb.net","service":"p2p-marketplace","timestamp":"2025-08-11T22:31:04.127Z"}
{"level":"info","message":"Server running in development mode on port 5000","service":"p2p-marketplace","timestamp":"2025-08-11T22:31:04.131Z"}
{"jwtSecret":"Set","level":"info","message":"Configuration:","mongoUri":"Set","nodeEnv":"development","paymentMode":"mock","port":"5000","razorpayKey":"Set","service":"p2p-marketplace","timestamp":"2025-08-11T22:31:04.131Z"}
{"level":"info","message":"User registered successfully: test1754951470796@example.com","service":"p2p-marketplace","timestamp":"2025-08-11T22:31:11.297Z"}
{"level":"error","message":"Change password error: Illegal arguments: string, undefined","service":"p2p-marketplace","stack":"Error: Illegal arguments: string, undefined\n    at _async (C:\\Owais\\odoo-test\\backend\\node_modules\\bcryptjs\\dist\\bcrypt.js:286:46)\n    at C:\\Owais\\odoo-test\\backend\\node_modules\\bcryptjs\\dist\\bcrypt.js:307:17\n    at new Promise (<anonymous>)\n    at bcrypt.compare (C:\\Owais\\odoo-test\\backend\\node_modules\\bcryptjs\\dist\\bcrypt.js:306:20)\n    at UserSchema.methods.comparePassword (C:\\Owais\\odoo-test\\backend\\src\\models\\User.js:123:17)\n    at changePassword (C:\\Owais\\odoo-test\\backend\\src\\controllers\\auth.controller.js:316:49)\n    at Layer.handle [as handle_request] (C:\\Owais\\odoo-test\\backend\\node_modules\\express\\lib\\router\\layer.js:95:5)\n    at next (C:\\Owais\\odoo-test\\backend\\node_modules\\express\\lib\\router\\route.js:149:13)\n    at C:\\Owais\\odoo-test\\backend\\src\\middleware\\validation.js:32:7\n    at Layer.handle [as handle_request] (C:\\Owais\\odoo-test\\backend\\node_modules\\express\\lib\\router\\layer.js:95:5)","timestamp":"2025-08-11T22:31:14.389Z"}
{"level":"info","message":"User upgraded to host: test1754951470796@example.com","service":"p2p-marketplace","timestamp":"2025-08-11T22:31:17.490Z"}
{"level":"info","message":"User registered successfully: regular1754951480578@example.com","service":"p2p-marketplace","timestamp":"2025-08-11T22:31:23.891Z"}
{"level":"warn","message":"Access denied for user 689a6f3bcbbd42c699560309 with role user. Required: host, admin","service":"p2p-marketplace","timestamp":"2025-08-11T22:31:26.963Z"}
{"level":"info","message":"Razorpay service initialized in MOCK mode","service":"p2p-marketplace","timestamp":"2025-08-11T22:32:21.330Z"}
{"level":"info","message":"MongoDB Connected: ac-s9wa81m-shard-00-02.fnbpkxu.mongodb.net","service":"p2p-marketplace","timestamp":"2025-08-11T22:32:21.729Z"}
{"level":"info","message":"Razorpay service initialized in MOCK mode","service":"p2p-marketplace","timestamp":"2025-08-11T22:32:36.407Z"}
{"level":"info","message":"MongoDB Connected: ac-s9wa81m-shard-00-00.fnbpkxu.mongodb.net","service":"p2p-marketplace","timestamp":"2025-08-11T22:32:36.924Z"}
{"level":"info","message":"Server running in development mode on port 5000","service":"p2p-marketplace","timestamp":"2025-08-11T22:32:36.931Z"}
{"jwtSecret":"Set","level":"info","message":"Configuration:","mongoUri":"Set","nodeEnv":"development","paymentMode":"mock","port":"5000","razorpayKey":"Set","service":"p2p-marketplace","timestamp":"2025-08-11T22:32:36.932Z"}
{"level":"info","message":"User registered successfully: test1754951574550@example.com","service":"p2p-marketplace","timestamp":"2025-08-11T22:32:54.968Z"}
{"level":"error","message":"Change password error: Illegal arguments: string, undefined","service":"p2p-marketplace","stack":"Error: Illegal arguments: string, undefined\n    at _async (C:\\Owais\\odoo-test\\backend\\node_modules\\bcryptjs\\dist\\bcrypt.js:286:46)\n    at C:\\Owais\\odoo-test\\backend\\node_modules\\bcryptjs\\dist\\bcrypt.js:307:17\n    at new Promise (<anonymous>)\n    at bcrypt.compare (C:\\Owais\\odoo-test\\backend\\node_modules\\bcryptjs\\dist\\bcrypt.js:306:20)\n    at UserSchema.methods.comparePassword (C:\\Owais\\odoo-test\\backend\\src\\models\\User.js:123:17)\n    at changePassword (C:\\Owais\\odoo-test\\backend\\src\\controllers\\auth.controller.js:316:49)\n    at Layer.handle [as handle_request] (C:\\Owais\\odoo-test\\backend\\node_modules\\express\\lib\\router\\layer.js:95:5)\n    at next (C:\\Owais\\odoo-test\\backend\\node_modules\\express\\lib\\router\\route.js:149:13)\n    at C:\\Owais\\odoo-test\\backend\\src\\middleware\\validation.js:32:7\n    at Layer.handle [as handle_request] (C:\\Owais\\odoo-test\\backend\\node_modules\\express\\lib\\router\\layer.js:95:5)","timestamp":"2025-08-11T22:32:58.205Z"}
{"level":"info","message":"User upgraded to host: test1754951574550@example.com","service":"p2p-marketplace","timestamp":"2025-08-11T22:33:01.305Z"}
{"level":"info","message":"User registered successfully: regular1754951584385@example.com","service":"p2p-marketplace","timestamp":"2025-08-11T22:33:07.856Z"}
{"level":"warn","message":"Access denied for user 689a6fa3cfe98f93344fc4c9 with role user. Required: host, admin","service":"p2p-marketplace","timestamp":"2025-08-11T22:33:10.923Z"}
{"level":"info","message":"User registered successfully: test1754951612653@example.com","service":"p2p-marketplace","timestamp":"2025-08-11T22:33:32.976Z"}
{"level":"error","message":"Change password error: Illegal arguments: string, undefined","service":"p2p-marketplace","stack":"Error: Illegal arguments: string, undefined\n    at _async (C:\\Owais\\odoo-test\\backend\\node_modules\\bcryptjs\\dist\\bcrypt.js:286:46)\n    at C:\\Owais\\odoo-test\\backend\\node_modules\\bcryptjs\\dist\\bcrypt.js:307:17\n    at new Promise (<anonymous>)\n    at bcrypt.compare (C:\\Owais\\odoo-test\\backend\\node_modules\\bcryptjs\\dist\\bcrypt.js:306:20)\n    at UserSchema.methods.comparePassword (C:\\Owais\\odoo-test\\backend\\src\\models\\User.js:123:17)\n    at changePassword (C:\\Owais\\odoo-test\\backend\\src\\controllers\\auth.controller.js:316:49)\n    at Layer.handle [as handle_request] (C:\\Owais\\odoo-test\\backend\\node_modules\\express\\lib\\router\\layer.js:95:5)\n    at next (C:\\Owais\\odoo-test\\backend\\node_modules\\express\\lib\\router\\route.js:149:13)\n    at C:\\Owais\\odoo-test\\backend\\src\\middleware\\validation.js:32:7\n    at Layer.handle [as handle_request] (C:\\Owais\\odoo-test\\backend\\node_modules\\express\\lib\\router\\layer.js:95:5)","timestamp":"2025-08-11T22:33:36.035Z"}
{"level":"info","message":"User registered successfully: test1754951674577@example.com","service":"p2p-marketplace","timestamp":"2025-08-11T22:34:34.885Z"}
{"level":"error","message":"Change password error: Illegal arguments: string, undefined","service":"p2p-marketplace","stack":"Error: Illegal arguments: string, undefined\n    at _async (C:\\Owais\\odoo-test\\backend\\node_modules\\bcryptjs\\dist\\bcrypt.js:286:46)\n    at C:\\Owais\\odoo-test\\backend\\node_modules\\bcryptjs\\dist\\bcrypt.js:307:17\n    at new Promise (<anonymous>)\n    at bcrypt.compare (C:\\Owais\\odoo-test\\backend\\node_modules\\bcryptjs\\dist\\bcrypt.js:306:20)\n    at UserSchema.methods.comparePassword (C:\\Owais\\odoo-test\\backend\\src\\models\\User.js:123:17)\n    at changePassword (C:\\Owais\\odoo-test\\backend\\src\\controllers\\auth.controller.js:316:49)\n    at Layer.handle [as handle_request] (C:\\Owais\\odoo-test\\backend\\node_modules\\express\\lib\\router\\layer.js:95:5)\n    at next (C:\\Owais\\odoo-test\\backend\\node_modules\\express\\lib\\router\\route.js:149:13)\n    at C:\\Owais\\odoo-test\\backend\\src\\middleware\\validation.js:32:7\n    at Layer.handle [as handle_request] (C:\\Owais\\odoo-test\\backend\\node_modules\\express\\lib\\router\\layer.js:95:5)","timestamp":"2025-08-11T22:34:37.952Z"}
{"level":"info","message":"User upgraded to host: test1754951674577@example.com","service":"p2p-marketplace","timestamp":"2025-08-11T22:34:41.050Z"}
{"level":"info","message":"Created listing 689a7004cfe98f93344fc4de","service":"p2p-marketplace","timestamp":"2025-08-11T22:34:44.147Z","title":"Test Electronics Listing","userId":"689a6ffacfe98f93344fc4d5"}
{"level":"info","message":"User registered successfully: regular1754951684151@example.com","service":"p2p-marketplace","timestamp":"2025-08-11T22:34:47.446Z"}
{"level":"warn","message":"Access denied for user 689a7007cfe98f93344fc4e1 with role user. Required: host, admin","service":"p2p-marketplace","timestamp":"2025-08-11T22:34:50.514Z"}
{"level":"info","message":"User registered successfully: test1754951696360@example.com","service":"p2p-marketplace","timestamp":"2025-08-11T22:34:56.675Z"}
{"level":"error","message":"Change password error: Illegal arguments: string, undefined","service":"p2p-marketplace","stack":"Error: Illegal arguments: string, undefined\n    at _async (C:\\Owais\\odoo-test\\backend\\node_modules\\bcryptjs\\dist\\bcrypt.js:286:46)\n    at C:\\Owais\\odoo-test\\backend\\node_modules\\bcryptjs\\dist\\bcrypt.js:307:17\n    at new Promise (<anonymous>)\n    at bcrypt.compare (C:\\Owais\\odoo-test\\backend\\node_modules\\bcryptjs\\dist\\bcrypt.js:306:20)\n    at UserSchema.methods.comparePassword (C:\\Owais\\odoo-test\\backend\\src\\models\\User.js:123:17)\n    at changePassword (C:\\Owais\\odoo-test\\backend\\src\\controllers\\auth.controller.js:316:49)\n    at Layer.handle [as handle_request] (C:\\Owais\\odoo-test\\backend\\node_modules\\express\\lib\\router\\layer.js:95:5)\n    at next (C:\\Owais\\odoo-test\\backend\\node_modules\\express\\lib\\router\\route.js:149:13)\n    at C:\\Owais\\odoo-test\\backend\\src\\middleware\\validation.js:32:7\n    at Layer.handle [as handle_request] (C:\\Owais\\odoo-test\\backend\\node_modules\\express\\lib\\router\\layer.js:95:5)","timestamp":"2025-08-11T22:34:59.757Z"}
{"level":"info","message":"Received SIGINT. Shutting down gracefully...","service":"p2p-marketplace","timestamp":"2025-08-11T22:35:15.215Z"}
{"level":"info","message":"Razorpay service initialized in MOCK mode","service":"p2p-marketplace","timestamp":"2025-08-11T22:35:20.958Z"}
{"level":"info","message":"MongoDB Connected: ac-s9wa81m-shard-00-02.fnbpkxu.mongodb.net","service":"p2p-marketplace","timestamp":"2025-08-11T22:35:21.444Z"}
{"level":"info","message":"Server running in development mode on port 5000","service":"p2p-marketplace","timestamp":"2025-08-11T22:35:21.447Z"}
{"jwtSecret":"Set","level":"info","message":"Configuration:","mongoUri":"Set","nodeEnv":"development","paymentMode":"mock","port":"5000","razorpayKey":"Set","service":"p2p-marketplace","timestamp":"2025-08-11T22:35:21.447Z"}
{"level":"info","message":"User registered successfully: test1754951730138@example.com","service":"p2p-marketplace","timestamp":"2025-08-11T22:35:30.500Z"}
{"level":"info","message":"Password changed for user: test1754951730138@example.com","service":"p2p-marketplace","timestamp":"2025-08-11T22:35:34.219Z"}
{"level":"info","message":"User registered successfully: test1754951739795@example.com","service":"p2p-marketplace","timestamp":"2025-08-11T22:35:40.165Z"}
{"level":"info","message":"Password changed for user: test1754951739795@example.com","service":"p2p-marketplace","timestamp":"2025-08-11T22:35:43.780Z"}
{"level":"info","message":"User upgraded to host: test1754951739795@example.com","service":"p2p-marketplace","timestamp":"2025-08-11T22:35:46.886Z"}
{"level":"info","message":"Created listing 689a7045a101eb1ea104da74","service":"p2p-marketplace","timestamp":"2025-08-11T22:35:49.994Z","title":"Test Electronics Listing","userId":"689a703ba101eb1ea104da69"}
{"level":"info","message":"User registered successfully: regular1754951749997@example.com","service":"p2p-marketplace","timestamp":"2025-08-11T22:35:53.294Z"}
{"level":"warn","message":"Access denied for user 689a7049a101eb1ea104da77 with role user. Required: host, admin","service":"p2p-marketplace","timestamp":"2025-08-11T22:35:56.364Z"}
{"error":"Not found - /api/","ip":"::1","level":"error","message":"Error caught by errorHandler:","method":"GET","service":"p2p-marketplace","stack":"Error: Not found - /api/\n    at notFound (C:\\Owais\\odoo-test\\backend\\src\\middleware\\errorHandler.js:8:17)\n    at Layer.handle [as handle_request] (C:\\Owais\\odoo-test\\backend\\node_modules\\express\\lib\\router\\layer.js:95:5)\n    at trim_prefix (C:\\Owais\\odoo-test\\backend\\node_modules\\express\\lib\\router\\index.js:328:13)\n    at C:\\Owais\\odoo-test\\backend\\node_modules\\express\\lib\\router\\index.js:286:9\n    at router.process_params (C:\\Owais\\odoo-test\\backend\\node_modules\\express\\lib\\router\\index.js:346:12)\n    at next (C:\\Owais\\odoo-test\\backend\\node_modules\\express\\lib\\router\\index.js:280:10)\n    at urlencodedParser (C:\\Owais\\odoo-test\\backend\\node_modules\\body-parser\\lib\\types\\urlencoded.js:94:7)\n    at Layer.handle [as handle_request] (C:\\Owais\\odoo-test\\backend\\node_modules\\express\\lib\\router\\layer.js:95:5)\n    at trim_prefix (C:\\Owais\\odoo-test\\backend\\node_modules\\express\\lib\\router\\index.js:328:13)\n    at C:\\Owais\\odoo-test\\backend\\node_modules\\express\\lib\\router\\index.js:286:9","timestamp":"2025-08-11T22:36:02.064Z","url":"/api/","userAgent":"axios/1.11.0"}
{"error":"Not found - /api/","ip":"::1","level":"error","message":"Error caught by errorHandler:","method":"GET","service":"p2p-marketplace","stack":"Error: Not found - /api/\n    at notFound (C:\\Owais\\odoo-test\\backend\\src\\middleware\\errorHandler.js:8:17)\n    at Layer.handle [as handle_request] (C:\\Owais\\odoo-test\\backend\\node_modules\\express\\lib\\router\\layer.js:95:5)\n    at trim_prefix (C:\\Owais\\odoo-test\\backend\\node_modules\\express\\lib\\router\\index.js:328:13)\n    at C:\\Owais\\odoo-test\\backend\\node_modules\\express\\lib\\router\\index.js:286:9\n    at router.process_params (C:\\Owais\\odoo-test\\backend\\node_modules\\express\\lib\\router\\index.js:346:12)\n    at next (C:\\Owais\\odoo-test\\backend\\node_modules\\express\\lib\\router\\index.js:280:10)\n    at urlencodedParser (C:\\Owais\\odoo-test\\backend\\node_modules\\body-parser\\lib\\types\\urlencoded.js:94:7)\n    at Layer.handle [as handle_request] (C:\\Owais\\odoo-test\\backend\\node_modules\\express\\lib\\router\\layer.js:95:5)\n    at trim_prefix (C:\\Owais\\odoo-test\\backend\\node_modules\\express\\lib\\router\\index.js:328:13)\n    at C:\\Owais\\odoo-test\\backend\\node_modules\\express\\lib\\router\\index.js:286:9","timestamp":"2025-08-11T22:36:02.073Z","url":"/api/","userAgent":"axios/1.11.0"}
{"level":"info","message":"User registered successfully: test.user.1754951762589@example.com","service":"p2p-marketplace","timestamp":"2025-08-11T22:36:02.903Z"}
{"level":"info","message":"User logged in successfully: test.user.1754951762589@example.com","service":"p2p-marketplace","timestamp":"2025-08-11T22:36:03.189Z"}
{"level":"info","message":"Profile updated for user: test.user.1754951762589@example.com","service":"p2p-marketplace","timestamp":"2025-08-11T22:36:03.604Z"}
{"level":"info","message":"Password changed for user: test.user.1754951762589@example.com","service":"p2p-marketplace","timestamp":"2025-08-11T22:36:04.218Z"}
{"level":"info","message":"User upgraded to host: test.user.1754951762589@example.com","service":"p2p-marketplace","timestamp":"2025-08-11T22:36:04.301Z"}
{"level":"info","message":"User registered successfully: test.host.1754951764302@example.com","service":"p2p-marketplace","timestamp":"2025-08-11T22:36:04.691Z"}
{"level":"info","limit":"5","message":"Fetched 5 listings","page":"1","query":{"status":"published"},"service":"p2p-marketplace","timestamp":"2025-08-11T22:36:05.276Z"}
{"level":"info","limit":12,"message":"Fetched 1 listings","page":1,"query":{"$text":{"$search":"camera"},"category":"electronics","status":"published"},"service":"p2p-marketplace","timestamp":"2025-08-11T22:36:05.345Z"}
{"level":"info","message":"Fetched host dashboard for 689a7054a101eb1ea104da8e","monthlyRevenue":0,"service":"p2p-marketplace","timestamp":"2025-08-11T22:36:07.313Z","totalListings":0,"totalOrders":0}
{"level":"info","message":"Fetched 0 listings for host 689a7054a101eb1ea104da8e","service":"p2p-marketplace","timestamp":"2025-08-11T22:36:07.439Z"}
{"level":"info","message":"Fetched 0 orders for host 689a7054a101eb1ea104da8e","service":"p2p-marketplace","timestamp":"2025-08-11T22:36:07.541Z"}
{"level":"info","message":"Fetched 0 calendar events for host 689a7054a101eb1ea104da8e","service":"p2p-marketplace","timestamp":"2025-08-11T22:36:07.634Z"}
{"level":"info","message":"Fetched 0 wallet transactions for host 689a7054a101eb1ea104da8e","service":"p2p-marketplace","timestamp":"2025-08-11T22:36:07.773Z"}
{"level":"info","message":"Fetched host dashboard for 689a7052a101eb1ea104da7c","monthlyRevenue":0,"service":"p2p-marketplace","timestamp":"2025-08-11T22:36:08.134Z","totalListings":0,"totalOrders":0}
{"level":"warn","message":"Access denied for user 689a7052a101eb1ea104da7c with role host. Required: admin","service":"p2p-marketplace","timestamp":"2025-08-11T22:36:08.690Z"}
{"error":"Not found - /api/invalid-endpoint","ip":"::1","level":"error","message":"Error caught by errorHandler:","method":"GET","service":"p2p-marketplace","stack":"Error: Not found - /api/invalid-endpoint\n    at notFound (C:\\Owais\\odoo-test\\backend\\src\\middleware\\errorHandler.js:8:17)\n    at Layer.handle [as handle_request] (C:\\Owais\\odoo-test\\backend\\node_modules\\express\\lib\\router\\layer.js:95:5)\n    at trim_prefix (C:\\Owais\\odoo-test\\backend\\node_modules\\express\\lib\\router\\index.js:328:13)\n    at C:\\Owais\\odoo-test\\backend\\node_modules\\express\\lib\\router\\index.js:286:9\n    at router.process_params (C:\\Owais\\odoo-test\\backend\\node_modules\\express\\lib\\router\\index.js:346:12)\n    at next (C:\\Owais\\odoo-test\\backend\\node_modules\\express\\lib\\router\\index.js:280:10)\n    at urlencodedParser (C:\\Owais\\odoo-test\\backend\\node_modules\\body-parser\\lib\\types\\urlencoded.js:94:7)\n    at Layer.handle [as handle_request] (C:\\Owais\\odoo-test\\backend\\node_modules\\express\\lib\\router\\layer.js:95:5)\n    at trim_prefix (C:\\Owais\\odoo-test\\backend\\node_modules\\express\\lib\\router\\index.js:328:13)\n    at C:\\Owais\\odoo-test\\backend\\node_modules\\express\\lib\\router\\index.js:286:9","timestamp":"2025-08-11T22:36:09.203Z","url":"/api/invalid-endpoint","userAgent":"axios/1.11.0"}
{"error":"Unexpected token '\"', \"\"{\\\"name\\\"\"... is not valid JSON","ip":"::1","level":"error","message":"Error caught by errorHandler:","method":"POST","service":"p2p-marketplace","stack":"SyntaxError: Unexpected token '\"', \"\"{\\\"name\\\"\"... is not valid JSON\n    at JSON.parse (<anonymous>)\n    at createStrictSyntaxError (C:\\Owais\\odoo-test\\backend\\node_modules\\body-parser\\lib\\types\\json.js:169:10)\n    at parse (C:\\Owais\\odoo-test\\backend\\node_modules\\body-parser\\lib\\types\\json.js:86:15)\n    at C:\\Owais\\odoo-test\\backend\\node_modules\\body-parser\\lib\\read.js:128:18\n    at AsyncResource.runInAsyncScope (node:async_hooks:214:14)\n    at invokeCallback (C:\\Owais\\odoo-test\\backend\\node_modules\\raw-body\\index.js:238:16)\n    at done (C:\\Owais\\odoo-test\\backend\\node_modules\\raw-body\\index.js:227:7)\n    at IncomingMessage.onEnd (C:\\Owais\\odoo-test\\backend\\node_modules\\raw-body\\index.js:287:7)\n    at IncomingMessage.emit (node:events:507:28)\n    at endReadableNT (node:internal/streams/readable:1701:12)","timestamp":"2025-08-11T22:36:09.209Z","url":"/api/auth/register","userAgent":"axios/1.11.0"}
